#
# A fatal error has been detected by the Java Runtime Environment:
#
#  SIGBUS (0xa) at pc=0x0000000108161e92, pid=6640, tid=0x0000000000000e03
#
# JRE version: Java(TM) SE Runtime Environment (8.0_121-b13) (build 1.8.0_121-b13)
# Java VM: Java HotSpot(TM) 64-Bit Server VM (25.121-b13 mixed mode bsd-amd64 compressed oops)
# Problematic frame:
# C  [libzip.dylib+0x2e92]  newEntry+0x154
#
# Failed to write core dump. Core dumps have been disabled. To enable core dumping, try "ulimit -c unlimited" before starting Java again
#
# If you would like to submit a bug report, please visit:
#   http://bugreport.java.com/bugreport/crash.jsp
# The crash happened outside the Java Virtual Machine in native code.
# See problematic frame for where to report the bug.
#

---------------  T H R E A D  ---------------

Current thread (0x00007ff218809800):  JavaThread "main" [_thread_in_native, id=3587, stack(0x0000700004c1d000,0x0000700004d1d000)]

siginfo: si_signo: 10 (SIGBUS), si_code: 2 (BUS_ADRERR), si_addr: 0x000000011058391a

Registers:
RAX=0x00007ff21c9a2d60, RBX=0x000000011058390e, RCX=0x0000000000000000, RDX=0x00007ff217500000
RSP=0x0000700004d1b150, RBP=0x0000700004d1b1b0, RSI=0x0000000020000000, RDI=0x000000000000056b
R8 =0x00000000000056b9, R9 =0x00000000000056bd, R10=0x00000000e1ffffff, R11=0x00000001096e4067
R12=0x0000000000000000, R13=0x000000010f209148, R14=0x00007ff21c9a2d60, R15=0x00007ff218809800
RIP=0x0000000108161e92, EFLAGS=0x0000000000010202, ERR=0x0000000000000004
  TRAPNO=0x000000000000000e

Top of Stack: (sp=0x0000700004d1b150)
0x0000700004d1b150:   00007ff218809800 0000000118809800
0x0000700004d1b160:   0000700004d1b190 0000000109736b12
0x0000700004d1b170:   0000700004d1b190 00007ff21c9a2d60
0x0000700004d1b180:   00007ff21755ac00 00000000000000d1
0x0000700004d1b190:   0000000000000000 000000010f209148
0x0000700004d1b1a0:   00007ff21c9a2d60 00007ff218809800
0x0000700004d1b1b0:   0000700004d1b1d0 0000000108162441
0x0000700004d1b1c0:   000000010f209148 0000700004d1b280
0x0000700004d1b1d0:   0000700004d1b1e0 0000000108161157
0x0000700004d1b1e0:   0000700004d1b250 0000000110cd69f4
0x0000700004d1b1f0:   0000700004d1b210 00007fff72a9f696
0x0000700004d1b200:   00007ff21f25ba00 00007ff2188099f8
0x0000700004d1b210:   0000700004d1b210 0000000000000000
0x0000700004d1b220:   0000700004d1b280 000000010f20a9d0
0x0000700004d1b230:   0000000000000000 000000010f209148
0x0000700004d1b240:   0000000000000000 0000700004d1b270
0x0000700004d1b250:   0000700004d1b2c8 0000000110cc6dd0
0x0000700004d1b260:   0000000740000dd8 0000000110cd0537
0x0000700004d1b270:   00000000000000d1 00007ff21c9a2d60
0x0000700004d1b280:   0000000795cf60d8 0000700004d1b288
0x0000700004d1b290:   000000010f20a21a 0000700004d1b2e8
0x0000700004d1b2a0:   000000010f20a9d0 0000000000000000
0x0000700004d1b2b0:   000000010f20a228 0000700004d1b270
0x0000700004d1b2c0:   0000700004d1b2d8 0000700004d1b340
0x0000700004d1b2d0:   0000000110cc6dd0 00000000000000d1
0x0000700004d1b2e0:   00007ff21c9a2d60 0000000795cf3e30
0x0000700004d1b2f0:   0000000795cf3e30 0000000795cf3e30
0x0000700004d1b300:   0000700004d1b2f0 0000000110422c36
0x0000700004d1b310:   0000700004d1b378 0000000110422eb8
0x0000700004d1b320:   00000001104ec500 0000000110422d00
0x0000700004d1b330:   0000700004d1b2d8 0000700004d1b380
0x0000700004d1b340:   0000700004d1b4b0 0000000110def1e4 

Instructions: (pc=0x0000000108161e92)
0x0000000108161e72:   49 8b 7f 38 e8 5b 1b 00 00 4d 89 77 38 49 89 5f
0x0000000108161e82:   40 4c 89 f0 48 85 c0 0f 84 11 05 00 00 48 89 c3
0x0000000108161e92:   0f b6 43 0c 0f b6 4b 0d 48 c1 e1 08 48 01 c1 0f
0x0000000108161ea2:   b6 43 0e 0f b6 53 0f 48 c1 e2 08 48 01 c2 48 c1 

Register to memory mapping:

RAX=0x00007ff21c9a2d60 is an unknown value
RBX=0x000000011058390e is an unknown value
RCX=0x0000000000000000 is an unknown value
RDX=0x00007ff217500000 is an unknown value
RSP=0x0000700004d1b150 is pointing into the stack for thread: 0x00007ff218809800
RBP=0x0000700004d1b1b0 is pointing into the stack for thread: 0x00007ff218809800
RSI=0x0000000020000000 is an unknown value
RDI=0x000000000000056b is an unknown value
R8 =0x00000000000056b9 is an unknown value
R9 =0x00000000000056bd is an unknown value
R10=0x00000000e1ffffff is an unknown value
R11=0x00000001096e4067: throw_unsatisfied_link_error+0 in /Library/Java/JavaVirtualMachines/jdk1.8.0_121.jdk/Contents/Home/jre/lib/server/libjvm.dylib at 0x0000000109200000
R12=0x0000000000000000 is an unknown value
R13={method} {0x000000010f209148} 'getNextEntry' '(JI)J' in 'java/util/zip/ZipFile'
R14=0x00007ff21c9a2d60 is an unknown value
R15=0x00007ff218809800 is a thread


Stack: [0x0000700004c1d000,0x0000700004d1d000],  sp=0x0000700004d1b150,  free space=1016k
Native frames: (J=compiled Java code, j=interpreted, Vv=VM code, C=native code)
C  [libzip.dylib+0x2e92]  newEntry+0x154
C  [libzip.dylib+0x3441]  ZIP_GetNextEntry+0x37
C  [libzip.dylib+0x2157]  Java_java_util_zip_ZipFile_getNextEntry+0xe
j  java.util.zip.ZipFile.getNextEntry(JI)J+0
j  java.util.zip.ZipFile.access$500(JI)J+2
j  java.util.zip.ZipFile$ZipEntryIterator.next()Ljava/util/zip/ZipEntry;+54
J 3637 C1 java.util.zip.ZipFile$ZipEntryIterator.nextElement()Ljava/lang/Object; (5 bytes) @ 0x0000000110def1e4 [0x0000000110def100+0xe4]
J 3622 C1 java.util.jar.JarFile$JarEntryIterator.nextElement()Ljava/lang/Object; (5 bytes) @ 0x0000000110fe3544 [0x0000000110fe3380+0x1c4]
j  org.apache.maven.plugins.shade.DefaultShader.shadeJars(Lorg/apache/maven/plugins/shade/ShadeRequest;Ljava/util/Set;Ljava/util/List;Lorg/apache/maven/plugins/shade/DefaultShader$RelocatorRemapper;Ljava/util/jar/JarOutputStream;Lcom/google/common/collect/Multimap;)V+101
j  org.apache.maven.plugins.shade.DefaultShader.shade(Lorg/apache/maven/plugins/shade/ShadeRequest;)V+159
j  org.apache.maven.plugins.shade.mojo.ShadeMojo.execute()V+277
j  org.apache.maven.plugin.DefaultBuildPluginManager.executeMojo(Lorg/apache/maven/execution/MavenSession;Lorg/apache/maven/plugin/MojoExecution;)V+152
j  org.apache.maven.lifecycle.internal.MojoExecutor.execute(Lorg/apache/maven/execution/MavenSession;Lorg/apache/maven/plugin/MojoExecution;Lorg/apache/maven/lifecycle/internal/ProjectIndex;Lorg/apache/maven/lifecycle/internal/DependencyContext;)V+215
j  org.apache.maven.lifecycle.internal.MojoExecutor.execute(Lorg/apache/maven/execution/MavenSession;Lorg/apache/maven/plugin/MojoExecution;Lorg/apache/maven/lifecycle/internal/ProjectIndex;Lorg/apache/maven/lifecycle/internal/DependencyContext;Lorg/apache/maven/lifecycle/internal/PhaseRecorder;)V+6
j  org.apache.maven.lifecycle.internal.MojoExecutor.execute(Lorg/apache/maven/execution/MavenSession;Ljava/util/List;Lorg/apache/maven/lifecycle/internal/ProjectIndex;)V+60
j  org.apache.maven.lifecycle.internal.LifecycleModuleBuilder.buildProject(Lorg/apache/maven/execution/MavenSession;Lorg/apache/maven/execution/MavenSession;Lorg/apache/maven/lifecycle/internal/ReactorContext;Lorg/apache/maven/project/MavenProject;Lorg/apache/maven/lifecycle/internal/TaskSegment;)V+179
j  org.apache.maven.lifecycle.internal.LifecycleModuleBuilder.buildProject(Lorg/apache/maven/execution/MavenSession;Lorg/apache/maven/lifecycle/internal/ReactorContext;Lorg/apache/maven/project/MavenProject;Lorg/apache/maven/lifecycle/internal/TaskSegment;)V+7
j  org.apache.maven.lifecycle.internal.builder.singlethreaded.SingleThreadedBuilder.build(Lorg/apache/maven/execution/MavenSession;Lorg/apache/maven/lifecycle/internal/ReactorContext;Lorg/apache/maven/lifecycle/internal/ProjectBuildList;Ljava/util/List;Lorg/apache/maven/lifecycle/internal/ReactorBuildStatus;)V+77
j  org.apache.maven.lifecycle.internal.LifecycleStarter.execute(Lorg/apache/maven/execution/MavenSession;)V+348
j  org.apache.maven.DefaultMaven.doExecute(Lorg/apache/maven/execution/MavenExecutionRequest;Lorg/apache/maven/execution/MavenSession;Lorg/apache/maven/execution/MavenExecutionResult;Lorg/eclipse/aether/DefaultRepositorySystemSession;)Lorg/apache/maven/execution/MavenExecutionResult;+425
j  org.apache.maven.DefaultMaven.doExecute(Lorg/apache/maven/execution/MavenExecutionRequest;)Lorg/apache/maven/execution/MavenExecutionResult;+98
j  org.apache.maven.DefaultMaven.execute(Lorg/apache/maven/execution/MavenExecutionRequest;)Lorg/apache/maven/execution/MavenExecutionResult;+2
j  org.apache.maven.cli.MavenCli.execute(Lorg/apache/maven/cli/CliRequest;)I+27
j  org.apache.maven.cli.MavenCli.doMain(Lorg/apache/maven/cli/CliRequest;)I+66
j  org.apache.maven.cli.MavenCli.main([Ljava/lang/String;Lorg/codehaus/plexus/classworlds/ClassWorld;)I+24
v  ~StubRoutines::call_stub
V  [libjvm.dylib+0x2ed9d6]
V  [libjvm.dylib+0x4d26c4]
V  [libjvm.dylib+0x4d2bf8]
V  [libjvm.dylib+0x345db8]
j  sun.reflect.NativeMethodAccessorImpl.invoke0(Ljava/lang/reflect/Method;Ljava/lang/Object;[Ljava/lang/Object;)Ljava/lang/Object;+0
j  sun.reflect.NativeMethodAccessorImpl.invoke(Ljava/lang/Object;[Ljava/lang/Object;)Ljava/lang/Object;+100
j  sun.reflect.DelegatingMethodAccessorImpl.invoke(Ljava/lang/Object;[Ljava/lang/Object;)Ljava/lang/Object;+6
j  java.lang.reflect.Method.invoke(Ljava/lang/Object;[Ljava/lang/Object;)Ljava/lang/Object;+56
j  org.codehaus.plexus.classworlds.launcher.Launcher.launchEnhanced([Ljava/lang/String;)V+45
j  org.codehaus.plexus.classworlds.launcher.Launcher.launch([Ljava/lang/String;)V+2
j  org.codehaus.plexus.classworlds.launcher.Launcher.mainWithExitCode([Ljava/lang/String;)I+101
j  org.codehaus.plexus.classworlds.launcher.Launcher.main([Ljava/lang/String;)V+1
j  org.codehaus.classworlds.Launcher.main([Ljava/lang/String;)V+1
v  ~StubRoutines::call_stub
V  [libjvm.dylib+0x2ed9d6]
V  [libjvm.dylib+0x3247ce]
V  [libjvm.dylib+0x31d545]
C  [java+0x3931]  JavaMain+0x9c4
C  [libsystem_pthread.dylib+0x6109]  _pthread_start+0x94
C  [libsystem_pthread.dylib+0x1b8b]  thread_start+0xf
C  0x0000000000000000

Java frames: (J=compiled Java code, j=interpreted, Vv=VM code)
j  java.util.zip.ZipFile.getNextEntry(JI)J+0
j  java.util.zip.ZipFile.access$500(JI)J+2
j  java.util.zip.ZipFile$ZipEntryIterator.next()Ljava/util/zip/ZipEntry;+54
J 3637 C1 java.util.zip.ZipFile$ZipEntryIterator.nextElement()Ljava/lang/Object; (5 bytes) @ 0x0000000110def1e4 [0x0000000110def100+0xe4]
J 3622 C1 java.util.jar.JarFile$JarEntryIterator.nextElement()Ljava/lang/Object; (5 bytes) @ 0x0000000110fe3544 [0x0000000110fe3380+0x1c4]
j  org.apache.maven.plugins.shade.DefaultShader.shadeJars(Lorg/apache/maven/plugins/shade/ShadeRequest;Ljava/util/Set;Ljava/util/List;Lorg/apache/maven/plugins/shade/DefaultShader$RelocatorRemapper;Ljava/util/jar/JarOutputStream;Lcom/google/common/collect/Multimap;)V+101
j  org.apache.maven.plugins.shade.DefaultShader.shade(Lorg/apache/maven/plugins/shade/ShadeRequest;)V+159
j  org.apache.maven.plugins.shade.mojo.ShadeMojo.execute()V+277
j  org.apache.maven.plugin.DefaultBuildPluginManager.executeMojo(Lorg/apache/maven/execution/MavenSession;Lorg/apache/maven/plugin/MojoExecution;)V+152
j  org.apache.maven.lifecycle.internal.MojoExecutor.execute(Lorg/apache/maven/execution/MavenSession;Lorg/apache/maven/plugin/MojoExecution;Lorg/apache/maven/lifecycle/internal/ProjectIndex;Lorg/apache/maven/lifecycle/internal/DependencyContext;)V+215
j  org.apache.maven.lifecycle.internal.MojoExecutor.execute(Lorg/apache/maven/execution/MavenSession;Lorg/apache/maven/plugin/MojoExecution;Lorg/apache/maven/lifecycle/internal/ProjectIndex;Lorg/apache/maven/lifecycle/internal/DependencyContext;Lorg/apache/maven/lifecycle/internal/PhaseRecorder;)V+6
j  org.apache.maven.lifecycle.internal.MojoExecutor.execute(Lorg/apache/maven/execution/MavenSession;Ljava/util/List;Lorg/apache/maven/lifecycle/internal/ProjectIndex;)V+60
j  org.apache.maven.lifecycle.internal.LifecycleModuleBuilder.buildProject(Lorg/apache/maven/execution/MavenSession;Lorg/apache/maven/execution/MavenSession;Lorg/apache/maven/lifecycle/internal/ReactorContext;Lorg/apache/maven/project/MavenProject;Lorg/apache/maven/lifecycle/internal/TaskSegment;)V+179
j  org.apache.maven.lifecycle.internal.LifecycleModuleBuilder.buildProject(Lorg/apache/maven/execution/MavenSession;Lorg/apache/maven/lifecycle/internal/ReactorContext;Lorg/apache/maven/project/MavenProject;Lorg/apache/maven/lifecycle/internal/TaskSegment;)V+7
j  org.apache.maven.lifecycle.internal.builder.singlethreaded.SingleThreadedBuilder.build(Lorg/apache/maven/execution/MavenSession;Lorg/apache/maven/lifecycle/internal/ReactorContext;Lorg/apache/maven/lifecycle/internal/ProjectBuildList;Ljava/util/List;Lorg/apache/maven/lifecycle/internal/ReactorBuildStatus;)V+77
j  org.apache.maven.lifecycle.internal.LifecycleStarter.execute(Lorg/apache/maven/execution/MavenSession;)V+348
j  org.apache.maven.DefaultMaven.doExecute(Lorg/apache/maven/execution/MavenExecutionRequest;Lorg/apache/maven/execution/MavenSession;Lorg/apache/maven/execution/MavenExecutionResult;Lorg/eclipse/aether/DefaultRepositorySystemSession;)Lorg/apache/maven/execution/MavenExecutionResult;+425
j  org.apache.maven.DefaultMaven.doExecute(Lorg/apache/maven/execution/MavenExecutionRequest;)Lorg/apache/maven/execution/MavenExecutionResult;+98
j  org.apache.maven.DefaultMaven.execute(Lorg/apache/maven/execution/MavenExecutionRequest;)Lorg/apache/maven/execution/MavenExecutionResult;+2
j  org.apache.maven.cli.MavenCli.execute(Lorg/apache/maven/cli/CliRequest;)I+27
j  org.apache.maven.cli.MavenCli.doMain(Lorg/apache/maven/cli/CliRequest;)I+66
j  org.apache.maven.cli.MavenCli.main([Ljava/lang/String;Lorg/codehaus/plexus/classworlds/ClassWorld;)I+24
v  ~StubRoutines::call_stub
j  sun.reflect.NativeMethodAccessorImpl.invoke0(Ljava/lang/reflect/Method;Ljava/lang/Object;[Ljava/lang/Object;)Ljava/lang/Object;+0
j  sun.reflect.NativeMethodAccessorImpl.invoke(Ljava/lang/Object;[Ljava/lang/Object;)Ljava/lang/Object;+100
j  sun.reflect.DelegatingMethodAccessorImpl.invoke(Ljava/lang/Object;[Ljava/lang/Object;)Ljava/lang/Object;+6
j  java.lang.reflect.Method.invoke(Ljava/lang/Object;[Ljava/lang/Object;)Ljava/lang/Object;+56
j  org.codehaus.plexus.classworlds.launcher.Launcher.launchEnhanced([Ljava/lang/String;)V+45
j  org.codehaus.plexus.classworlds.launcher.Launcher.launch([Ljava/lang/String;)V+2
j  org.codehaus.plexus.classworlds.launcher.Launcher.mainWithExitCode([Ljava/lang/String;)I+101
j  org.codehaus.plexus.classworlds.launcher.Launcher.main([Ljava/lang/String;)V+1
j  org.codehaus.classworlds.Launcher.main([Ljava/lang/String;)V+1
v  ~StubRoutines::call_stub

---------------  P R O C E S S  ---------------

Java Threads: ( => current thread )
  0x00007ff217813800 JavaThread "Service Thread" daemon [_thread_blocked, id=16899, stack(0x0000700005e56000,0x0000700005f56000)]
  0x00007ff219032800 JavaThread "C1 CompilerThread3" daemon [_thread_blocked, id=15875, stack(0x0000700005d53000,0x0000700005e53000)]
  0x00007ff21c00b000 JavaThread "C2 CompilerThread2" daemon [_thread_blocked, id=17667, stack(0x0000700005c50000,0x0000700005d50000)]
  0x00007ff218043000 JavaThread "C2 CompilerThread1" daemon [_thread_blocked, id=18179, stack(0x0000700005b4d000,0x0000700005c4d000)]
  0x00007ff218030000 JavaThread "C2 CompilerThread0" daemon [_thread_in_native, id=15619, stack(0x0000700005a4a000,0x0000700005b4a000)]
  0x00007ff21d809800 JavaThread "Signal Dispatcher" daemon [_thread_blocked, id=18691, stack(0x0000700005947000,0x0000700005a47000)]
  0x00007ff21881a800 JavaThread "Finalizer" daemon [_thread_blocked, id=20739, stack(0x000070000573e000,0x000070000583e000)]
  0x00007ff218817800 JavaThread "Reference Handler" daemon [_thread_blocked, id=13059, stack(0x000070000563b000,0x000070000573b000)]
=>0x00007ff218809800 JavaThread "main" [_thread_in_native, id=3587, stack(0x0000700004c1d000,0x0000700004d1d000)]

Other Threads:
  0x00007ff21b808800 VMThread [stack: 0x0000700005538000,0x0000700005638000] [id=12547]
  0x00007ff217827000 WatcherThread [stack: 0x0000700005f59000,0x0000700006059000] [id=16643]

VM state:not at safepoint (normal execution)

VM Mutex/Monitor currently owned by a thread: None

Heap:
 PSYoungGen      total 38912K, used 17060K [0x0000000795580000, 0x0000000798480000, 0x00000007c0000000)
  eden space 31744K, 32% used [0x0000000795580000,0x0000000795f774a0,0x0000000797480000)
  from space 7168K, 95% used [0x0000000797500000,0x0000000797bb1c98,0x0000000797c00000)
  to   space 8192K, 0% used [0x0000000797c80000,0x0000000797c80000,0x0000000798480000)
 ParOldGen       total 87552K, used 10168K [0x0000000740000000, 0x0000000745580000, 0x0000000795580000)
  object space 87552K, 11% used [0x0000000740000000,0x00000007409ee068,0x0000000745580000)
 Metaspace       used 20244K, capacity 20762K, committed 20992K, reserved 1067008K
  class space    used 2331K, capacity 2503K, committed 2560K, reserved 1048576K

Card table byte_map: [0x000000010a562000,0x000000010a963000] byte_map_base: 0x0000000106b62000

Marking Bits: (ParMarkBitMap*) 0x0000000109af0d30
 Begin Bits: [0x000000010ac0e000, 0x000000010cc0e000)
 End Bits:   [0x000000010cc0e000, 0x000000010ec0e000)

Polling page: 0x0000000108115000

CodeCache: size=245760Kb used=10960Kb max_used=11849Kb free=234799Kb
 bounds [0x0000000110cbf000, 0x000000011187f000, 0x000000011fcbf000]
 total_blobs=3703 nmethods=3329 adapters=287
 compilation: enabled

Compilation events (10 events):
Event: 15.546 Thread 0x00007ff219032800 3634       1       org.codehaus.plexus.logging.AbstractLogEnabled::getLogger (5 bytes)
Event: 15.546 Thread 0x00007ff219032800 nmethod 3634 0x0000000111233650 code [0x00000001112337a0, 0x00000001112338b0]
Event: 15.555 Thread 0x00007ff218043000 3639   !   4       java.util.zip.Deflater::finished (19 bytes)
Event: 15.556 Thread 0x00007ff219032800 3640       1       java.util.zip.ZipFile::access$400 (5 bytes)
Event: 15.556 Thread 0x00007ff219032800 nmethod 3640 0x0000000111184e90 code [0x0000000111184fe0, 0x00000001111850d0]
Event: 15.556 Thread 0x00007ff219032800 3641       3       com.google.common.collect.HashMultimap::put (7 bytes)
Event: 15.557 Thread 0x00007ff219032800 nmethod 3641 0x000000011127fe90 code [0x0000000111280020, 0x0000000111280398]
Event: 15.557 Thread 0x00007ff219032800 3642       3       com.google.common.collect.AbstractSetMultimap::put (7 bytes)
Event: 15.557 Thread 0x00007ff219032800 nmethod 3642 0x0000000110e49850 code [0x0000000110e499e0, 0x0000000110e49cf8]
Event: 15.558 Thread 0x00007ff218043000 nmethod 3639 0x0000000110e49410 code [0x0000000110e49560, 0x0000000110e49798]

GC Heap History (10 events):
Event: 5.559 GC heap before
{Heap before GC invocations=3 (full 0):
 PSYoungGen      total 38400K, used 38389K [0x0000000795580000, 0x0000000798000000, 0x00000007c0000000)
  eden space 33280K, 100% used [0x0000000795580000,0x0000000797600000,0x0000000797600000)
  from space 5120K, 99% used [0x0000000797b00000,0x0000000797ffd788,0x0000000798000000)
  to   space 5120K, 0% used [0x0000000797600000,0x0000000797600000,0x0000000797b00000)
 ParOldGen       total 87552K, used 1671K [0x0000000740000000, 0x0000000745580000, 0x0000000795580000)
  object space 87552K, 1% used [0x0000000740000000,0x00000007401a1f20,0x0000000745580000)
 Metaspace       used 15388K, capacity 15542K, committed 15872K, reserved 1062912K
  class space    used 1875K, capacity 1970K, committed 2048K, reserved 1048576K
Event: 5.567 GC heap after
Heap after GC invocations=3 (full 0):
 PSYoungGen      total 38400K, used 5094K [0x0000000795580000, 0x0000000798000000, 0x00000007c0000000)
  eden space 33280K, 0% used [0x0000000795580000,0x0000000795580000,0x0000000797600000)
  from space 5120K, 99% used [0x0000000797600000,0x0000000797af9840,0x0000000797b00000)
  to   space 5120K, 0% used [0x0000000797b00000,0x0000000797b00000,0x0000000798000000)
 ParOldGen       total 87552K, used 3939K [0x0000000740000000, 0x0000000745580000, 0x0000000795580000)
  object space 87552K, 4% used [0x0000000740000000,0x00000007403d8cb8,0x0000000745580000)
 Metaspace       used 15388K, capacity 15542K, committed 15872K, reserved 1062912K
  class space    used 1875K, capacity 1970K, committed 2048K, reserved 1048576K
}
Event: 7.670 GC heap before
{Heap before GC invocations=4 (full 0):
 PSYoungGen      total 38400K, used 38374K [0x0000000795580000, 0x0000000798000000, 0x00000007c0000000)
  eden space 33280K, 100% used [0x0000000795580000,0x0000000797600000,0x0000000797600000)
  from space 5120K, 99% used [0x0000000797600000,0x0000000797af9840,0x0000000797b00000)
  to   space 5120K, 0% used [0x0000000797b00000,0x0000000797b00000,0x0000000798000000)
 ParOldGen       total 87552K, used 3939K [0x0000000740000000, 0x0000000745580000, 0x0000000795580000)
  object space 87552K, 4% used [0x0000000740000000,0x00000007403d8cb8,0x0000000745580000)
 Metaspace       used 16002K, capacity 16192K, committed 16384K, reserved 1062912K
  class space    used 1908K, capacity 2009K, committed 2048K, reserved 1048576K
Event: 7.689 GC heap after
Heap after GC invocations=4 (full 0):
 PSYoungGen      total 38400K, used 5088K [0x0000000795580000, 0x0000000798000000, 0x00000007c0000000)
  eden space 33280K, 0% used [0x0000000795580000,0x0000000795580000,0x0000000797600000)
  from space 5120K, 99% used [0x0000000797b00000,0x0000000797ff8020,0x0000000798000000)
  to   space 5120K, 0% used [0x0000000797600000,0x0000000797600000,0x0000000797b00000)
 ParOldGen       total 87552K, used 5795K [0x0000000740000000, 0x0000000745580000, 0x0000000795580000)
  object space 87552K, 6% used [0x0000000740000000,0x00000007405a8de8,0x0000000745580000)
 Metaspace       used 16002K, capacity 16192K, committed 16384K, reserved 1062912K
  class space    used 1908K, capacity 2009K, committed 2048K, reserved 1048576K
}
Event: 10.083 GC heap before
{Heap before GC invocations=5 (full 0):
 PSYoungGen      total 38400K, used 38368K [0x0000000795580000, 0x0000000798000000, 0x00000007c0000000)
  eden space 33280K, 100% used [0x0000000795580000,0x0000000797600000,0x0000000797600000)
  from space 5120K, 99% used [0x0000000797b00000,0x0000000797ff8020,0x0000000798000000)
  to   space 5120K, 0% used [0x0000000797600000,0x0000000797600000,0x0000000797b00000)
 ParOldGen       total 87552K, used 5795K [0x0000000740000000, 0x0000000745580000, 0x0000000795580000)
  object space 87552K, 6% used [0x0000000740000000,0x00000007405a8de8,0x0000000745580000)
 Metaspace       used 16788K, capacity 17192K, committed 17536K, reserved 1064960K
  class space    used 1985K, capacity 2083K, committed 2176K, reserved 1048576K
Event: 10.102 GC heap after
Heap after GC invocations=5 (full 0):
 PSYoungGen      total 37888K, used 5104K [0x0000000795580000, 0x0000000798680000, 0x00000007c0000000)
  eden space 32768K, 0% used [0x0000000795580000,0x0000000795580000,0x0000000797580000)
  from space 5120K, 99% used [0x0000000797600000,0x0000000797afc010,0x0000000797b00000)
  to   space 8704K, 0% used [0x0000000797e00000,0x0000000797e00000,0x0000000798680000)
 ParOldGen       total 87552K, used 8035K [0x0000000740000000, 0x0000000745580000, 0x0000000795580000)
  object space 87552K, 9% used [0x0000000740000000,0x00000007407d8fc8,0x0000000745580000)
 Metaspace       used 16788K, capacity 17192K, committed 17536K, reserved 1064960K
  class space    used 1985K, capacity 2083K, committed 2176K, reserved 1048576K
}
Event: 12.396 GC heap before
{Heap before GC invocations=6 (full 0):
 PSYoungGen      total 37888K, used 37872K [0x0000000795580000, 0x0000000798680000, 0x00000007c0000000)
  eden space 32768K, 100% used [0x0000000795580000,0x0000000797580000,0x0000000797580000)
  from space 5120K, 99% used [0x0000000797600000,0x0000000797afc010,0x0000000797b00000)
  to   space 8704K, 0% used [0x0000000797e00000,0x0000000797e00000,0x0000000798680000)
 ParOldGen       total 87552K, used 8035K [0x0000000740000000, 0x0000000745580000, 0x0000000795580000)
  object space 87552K, 9% used [0x0000000740000000,0x00000007407d8fc8,0x0000000745580000)
 Metaspace       used 17573K, capacity 18022K, committed 18432K, reserved 1064960K
  class space    used 2034K, capacity 2189K, committed 2304K, reserved 1048576K
Event: 12.419 GC heap after
Heap after GC invocations=6 (full 0):
 PSYoungGen      total 40448K, used 7167K [0x0000000795580000, 0x0000000798600000, 0x00000007c0000000)
  eden space 32256K, 0% used [0x0000000795580000,0x0000000795580000,0x0000000797500000)
  from space 8192K, 87% used [0x0000000797e00000,0x00000007984ffce0,0x0000000798600000)
  to   space 8704K, 0% used [0x0000000797500000,0x0000000797500000,0x0000000797d80000)
 ParOldGen       total 87552K, used 8043K [0x0000000740000000, 0x0000000745580000, 0x0000000795580000)
  object space 87552K, 9% used [0x0000000740000000,0x00000007407dafc8,0x0000000745580000)
 Metaspace       used 17573K, capacity 18022K, committed 18432K, reserved 1064960K
  class space    used 2034K, capacity 2189K, committed 2304K, reserved 1048576K
}
Event: 15.067 GC heap before
{Heap before GC invocations=7 (full 0):
 PSYoungGen      total 40448K, used 39423K [0x0000000795580000, 0x0000000798600000, 0x00000007c0000000)
  eden space 32256K, 100% used [0x0000000795580000,0x0000000797500000,0x0000000797500000)
  from space 8192K, 87% used [0x0000000797e00000,0x00000007984ffce0,0x0000000798600000)
  to   space 8704K, 0% used [0x0000000797500000,0x0000000797500000,0x0000000797d80000)
 ParOldGen       total 87552K, used 8043K [0x0000000740000000, 0x0000000745580000, 0x0000000795580000)
  object space 87552K, 9% used [0x0000000740000000,0x00000007407dafc8,0x0000000745580000)
 Metaspace       used 18942K, capacity 19482K, committed 19584K, reserved 1067008K
  class space    used 2199K, capacity 2375K, committed 2432K, reserved 1048576K
Event: 15.090 GC heap after
Heap after GC invocations=7 (full 0):
 PSYoungGen      total 38912K, used 6855K [0x0000000795580000, 0x0000000798480000, 0x00000007c0000000)
  eden space 31744K, 0% used [0x0000000795580000,0x0000000795580000,0x0000000797480000)
  from space 7168K, 95% used [0x0000000797500000,0x0000000797bb1c98,0x0000000797c00000)
  to   space 8192K, 0% used [0x0000000797c80000,0x0000000797c80000,0x0000000798480000)
 ParOldGen       total 87552K, used 10168K [0x0000000740000000, 0x0000000745580000, 0x0000000795580000)
  object space 87552K, 11% used [0x0000000740000000,0x00000007409ee068,0x0000000745580000)
 Metaspace       used 18942K, capacity 19482K, committed 19584K, reserved 1067008K
  class space    used 2199K, capacity 2375K, committed 2432K, reserved 1048576K
}

Deoptimization events (10 events):
Event: 15.286 Thread 0x00007ff218809800 Uncommon trap: reason=class_check action=maybe_recompile pc=0x000000011145e618 method=java.util.regex.Pattern$Branch.match(Ljava/util/regex/Matcher;ILjava/lang/CharSequence;)Z @ 50
Event: 15.286 Thread 0x00007ff218809800 Uncommon trap: reason=class_check action=maybe_recompile pc=0x000000011145e618 method=java.util.regex.Pattern$Branch.match(Ljava/util/regex/Matcher;ILjava/lang/CharSequence;)Z @ 50
Event: 15.287 Thread 0x00007ff218809800 Uncommon trap: reason=unstable_if action=reinterpret pc=0x00000001110550a0 method=java.lang.CharacterDataLatin1.isWhitespace(I)Z @ 14
Event: 15.347 Thread 0x00007ff218809800 Uncommon trap: reason=class_check action=maybe_recompile pc=0x00000001113f827c method=java.util.Hashtable.get(Ljava/lang/Object;)Ljava/lang/Object; @ 6
Event: 15.350 Thread 0x00007ff218809800 Uncommon trap: reason=class_check action=maybe_recompile pc=0x00000001113f827c method=java.util.Hashtable.get(Ljava/lang/Object;)Ljava/lang/Object; @ 6
Event: 15.351 Thread 0x00007ff218809800 Uncommon trap: reason=class_check action=maybe_recompile pc=0x00000001113f827c method=java.util.Hashtable.get(Ljava/lang/Object;)Ljava/lang/Object; @ 6
Event: 15.351 Thread 0x00007ff218809800 Uncommon trap: reason=class_check action=maybe_recompile pc=0x0000000111430200 method=java.util.Hashtable.addEntry(ILjava/lang/Object;Ljava/lang/Object;I)V @ 38
Event: 15.396 Thread 0x00007ff218809800 Uncommon trap: reason=bimorphic action=maybe_recompile pc=0x00000001115af460 method=java.util.regex.Matcher.match(II)Z @ 86
Event: 15.398 Thread 0x00007ff218809800 Uncommon trap: reason=bimorphic action=maybe_recompile pc=0x00000001115af460 method=java.util.regex.Matcher.match(II)Z @ 86
Event: 15.399 Thread 0x00007ff218809800 Uncommon trap: reason=bimorphic action=maybe_recompile pc=0x00000001115af460 method=java.util.regex.Matcher.match(II)Z @ 86

Internal exceptions (10 events):
Event: 4.539 Thread 0x00007ff218809800 Exception <a 'java/lang/NullPointerException'> (0x0000000796bd13b8) thrown at [/Users/java_re/workspace/8-2-build-macosx-x86_64/jdk8u121/8372/hotspot/src/share/vm/interpreter/linkResolver.cpp, line 1178]
Event: 4.540 Thread 0x00007ff218809800 Exception <a 'java/lang/NullPointerException'> (0x0000000796bdae48) thrown at [/Users/java_re/workspace/8-2-build-macosx-x86_64/jdk8u121/8372/hotspot/src/share/vm/interpreter/linkResolver.cpp, line 1178]
Event: 4.540 Thread 0x00007ff218809800 Exception <a 'java/lang/NullPointerException'> (0x0000000796bdb060) thrown at [/Users/java_re/workspace/8-2-build-macosx-x86_64/jdk8u121/8372/hotspot/src/share/vm/interpreter/linkResolver.cpp, line 1178]
Event: 4.540 Thread 0x00007ff218809800 Exception <a 'java/lang/NullPointerException'> (0x0000000796bdb278) thrown at [/Users/java_re/workspace/8-2-build-macosx-x86_64/jdk8u121/8372/hotspot/src/share/vm/interpreter/linkResolver.cpp, line 1178]
Event: 5.661 Thread 0x00007ff218809800 Implicit null exception at 0x00000001112eb131 to 0x00000001112eba71
Event: 6.942 Thread 0x00007ff218809800 Implicit null exception at 0x000000011106ca35 to 0x000000011106cc45
Event: 6.945 Thread 0x00007ff218809800 Implicit null exception at 0x0000000110ffdb6f to 0x0000000110ffdbd9
Event: 12.676 Thread 0x00007ff218809800 Implicit null exception at 0x00000001114cac21 to 0x00000001114caca9
Event: 15.123 Thread 0x00007ff218809800 Exception <a 'java/lang/NoClassDefFoundError': org/sonatype/aether/graph/Dependency> (0x00000007955e5408) thrown at [/Users/java_re/workspace/8-2-build-macosx-x86_64/jdk8u121/8372/hotspot/src/share/vm/classfile/systemDictionary.cpp, line 199]
Event: 15.562 Thread 0x00007ff218809800 Exception <a 'java/util/zip/ZipException'> (0x0000000795edf6d8) thrown at [/Users/java_re/workspace/8-2-build-macosx-x86_64/jdk8u121/8372/hotspot/src/share/vm/prims/jni.cpp, line 709]

Events (10 events):
Event: 15.419 loading class com/google/common/collect/Sets$2
Event: 15.419 loading class com/google/common/collect/Sets$2 done
Event: 15.419 loading class com/google/common/collect/Sets$2
Event: 15.419 loading class com/google/common/collect/Sets$2 done
Event: 15.420 loading class com/google/common/collect/Sets$1
Event: 15.420 loading class com/google/common/collect/Sets$1 done
Event: 15.420 loading class com/google/common/collect/Sets$1
Event: 15.420 loading class com/google/common/collect/Sets$1 done
Event: 15.562 loading class java/util/zip/DataFormatException
Event: 15.562 loading class java/util/zip/DataFormatException done


Dynamic libraries:
0x000000000c309000 	/System/Library/Frameworks/Cocoa.framework/Versions/A/Cocoa
0x000000000c309000 	/System/Library/Frameworks/Security.framework/Versions/A/Security
0x000000000c309000 	/System/Library/Frameworks/ApplicationServices.framework/Versions/A/ApplicationServices
0x000000000c309000 	/usr/lib/libz.1.dylib
0x000000000c309000 	/usr/lib/libSystem.B.dylib
0x000000000c309000 	/usr/lib/libobjc.A.dylib
0x000000000c309000 	/System/Library/Frameworks/CoreFoundation.framework/Versions/A/CoreFoundation
0x000000000c309000 	/System/Library/Frameworks/Foundation.framework/Versions/C/Foundation
0x000000000c309000 	/System/Library/Frameworks/AppKit.framework/Versions/C/AppKit
0x000000000c309000 	/System/Library/Frameworks/CoreData.framework/Versions/A/CoreData
0x000000000c309000 	/System/Library/PrivateFrameworks/UIFoundation.framework/Versions/A/UIFoundation
0x000000000c309000 	/System/Library/PrivateFrameworks/RemoteViewServices.framework/Versions/A/RemoteViewServices
0x000000000c309000 	/System/Library/PrivateFrameworks/XCTTargetBootstrap.framework/Versions/A/XCTTargetBootstrap
0x000000000c309000 	/System/Library/Frameworks/CoreDisplay.framework/Versions/A/CoreDisplay
0x000000000c309000 	/System/Library/Frameworks/Metal.framework/Versions/A/Metal
0x000000000c309000 	/System/Library/PrivateFrameworks/DesktopServicesPriv.framework/Versions/A/DesktopServicesPriv
0x000000000c309000 	/usr/lib/liblangid.dylib
0x000000000c309000 	/System/Library/PrivateFrameworks/CoreSVG.framework/Versions/A/CoreSVG
0x000000000c309000 	/System/Library/PrivateFrameworks/SkyLight.framework/Versions/A/SkyLight
0x000000000c309000 	/System/Library/Frameworks/CoreGraphics.framework/Versions/A/CoreGraphics
0x000000000c309000 	/System/Library/Frameworks/Accelerate.framework/Versions/A/Accelerate
0x000000000c309000 	/usr/lib/libxml2.2.dylib
0x000000000c309000 	/System/Library/PrivateFrameworks/IconServices.framework/Versions/A/IconServices
0x000000000c309000 	/System/Library/Frameworks/IOSurface.framework/Versions/A/IOSurface
0x000000000c309000 	/usr/lib/libDiagnosticMessagesClient.dylib
0x000000000c309000 	/System/Library/PrivateFrameworks/DFRFoundation.framework/Versions/A/DFRFoundation
0x000000000c309000 	/usr/lib/libicucore.A.dylib
0x000000000c309000 	/System/Library/Frameworks/AudioToolbox.framework/Versions/A/AudioToolbox
0x000000000c309000 	/System/Library/Frameworks/AudioUnit.framework/Versions/A/AudioUnit
0x000000000c309000 	/usr/lib/libauto.dylib
0x000000000c309000 	/System/Library/PrivateFrameworks/DataDetectorsCore.framework/Versions/A/DataDetectorsCore
0x000000000c309000 	/System/Library/Frameworks/Carbon.framework/Versions/A/Frameworks/HIToolbox.framework/Versions/A/HIToolbox
0x000000000c309000 	/System/Library/Frameworks/QuartzCore.framework/Versions/A/QuartzCore
0x000000000c309000 	/System/Library/Frameworks/Carbon.framework/Versions/A/Frameworks/SpeechRecognition.framework/Versions/A/SpeechRecognition
0x000000000c309000 	/System/Library/PrivateFrameworks/CoreUI.framework/Versions/A/CoreUI
0x000000000c309000 	/System/Library/Frameworks/CoreAudio.framework/Versions/A/CoreAudio
0x000000000c309000 	/System/Library/Frameworks/DiskArbitration.framework/Versions/A/DiskArbitration
0x000000000c309000 	/System/Library/PrivateFrameworks/MultitouchSupport.framework/Versions/A/MultitouchSupport
0x000000000c309000 	/usr/lib/libenergytrace.dylib
0x000000000c309000 	/System/Library/Frameworks/IOKit.framework/Versions/A/IOKit
0x000000000c309000 	/System/Library/Frameworks/CoreServices.framework/Versions/A/CoreServices
0x000000000c309000 	/System/Library/PrivateFrameworks/PerformanceAnalysis.framework/Versions/A/PerformanceAnalysis
0x000000000c309000 	/System/Library/Frameworks/OpenGL.framework/Versions/A/OpenGL
0x000000000c309000 	/System/Library/Frameworks/ColorSync.framework/Versions/A/ColorSync
0x000000000c309000 	/System/Library/Frameworks/CoreImage.framework/Versions/A/CoreImage
0x000000000c309000 	/System/Library/Frameworks/CoreText.framework/Versions/A/CoreText
0x000000000c309000 	/System/Library/Frameworks/ImageIO.framework/Versions/A/ImageIO
0x000000000c309000 	/usr/lib/libc++.1.dylib
0x000000000c309000 	/usr/lib/libcompression.dylib
0x000000000c309000 	/usr/lib/libMobileGestalt.dylib
0x000000000c309000 	/System/Library/PrivateFrameworks/TextureIO.framework/Versions/A/TextureIO
0x000000000c309000 	/usr/lib/libate.dylib
0x000000000c309000 	/System/Library/PrivateFrameworks/InternationalSupport.framework/Versions/A/InternationalSupport
0x000000000c309000 	/usr/lib/system/libcache.dylib
0x000000000c309000 	/usr/lib/system/libcommonCrypto.dylib
0x000000000c309000 	/usr/lib/system/libcompiler_rt.dylib
0x000000000c309000 	/usr/lib/system/libcopyfile.dylib
0x000000000c309000 	/usr/lib/system/libcorecrypto.dylib
0x000000000c309000 	/usr/lib/system/libdispatch.dylib
0x000000000c309000 	/usr/lib/system/libdyld.dylib
0x000000000c309000 	/usr/lib/system/libkeymgr.dylib
0x000000000c309000 	/usr/lib/system/liblaunch.dylib
0x000000000c309000 	/usr/lib/system/libmacho.dylib
0x000000000c309000 	/usr/lib/system/libquarantine.dylib
0x000000000c309000 	/usr/lib/system/libremovefile.dylib
0x000000000c309000 	/usr/lib/system/libsystem_asl.dylib
0x000000000c309000 	/usr/lib/system/libsystem_blocks.dylib
0x000000000c309000 	/usr/lib/system/libsystem_c.dylib
0x000000000c309000 	/usr/lib/system/libsystem_configuration.dylib
0x000000000c309000 	/usr/lib/system/libsystem_coreservices.dylib
0x000000000c309000 	/usr/lib/system/libsystem_darwin.dylib
0x000000000c309000 	/usr/lib/system/libsystem_dnssd.dylib
0x000000000c309000 	/usr/lib/system/libsystem_featureflags.dylib
0x000000000c309000 	/usr/lib/system/libsystem_info.dylib
0x000000000c309000 	/usr/lib/system/libsystem_m.dylib
0x000000000c309000 	/usr/lib/system/libsystem_malloc.dylib
0x000000000c309000 	/usr/lib/system/libsystem_networkextension.dylib
0x000000000c309000 	/usr/lib/system/libsystem_notify.dylib
0x000000000c309000 	/usr/lib/system/libsystem_sandbox.dylib
0x000000000c309000 	/usr/lib/system/libsystem_secinit.dylib
0x000000000c309000 	/usr/lib/system/libsystem_kernel.dylib
0x000000000c309000 	/usr/lib/system/libsystem_platform.dylib
0x000000000c309000 	/usr/lib/system/libsystem_pthread.dylib
0x000000000c309000 	/usr/lib/system/libsystem_symptoms.dylib
0x000000000c309000 	/usr/lib/system/libsystem_trace.dylib
0x000000000c309000 	/usr/lib/system/libunwind.dylib
0x000000000c309000 	/usr/lib/system/libxpc.dylib
0x000000000c309000 	/usr/lib/libc++abi.dylib
0x000000000c309000 	/usr/lib/liblzma.5.dylib
0x000000000c309000 	/usr/lib/libfakelink.dylib
0x000000000c309000 	/usr/lib/libarchive.2.dylib
0x000000000c309000 	/System/Library/Frameworks/SystemConfiguration.framework/Versions/A/SystemConfiguration
0x000000000c309000 	/usr/lib/libCRFSuite.dylib
0x000000000c309000 	/System/Library/Frameworks/CFNetwork.framework/Versions/A/CFNetwork
0x000000000c309000 	/usr/lib/libbsm.0.dylib
0x000000000c309000 	/usr/lib/system/libkxld.dylib
0x000000000c309000 	/System/Library/PrivateFrameworks/AppleFSCompression.framework/Versions/A/AppleFSCompression
0x000000000c309000 	/usr/lib/libcoretls.dylib
0x000000000c309000 	/usr/lib/libcoretls_cfhelpers.dylib
0x000000000c309000 	/usr/lib/libpam.2.dylib
0x000000000c309000 	/usr/lib/libsqlite3.dylib
0x000000000c309000 	/usr/lib/libxar.1.dylib
0x000000000c309000 	/usr/lib/libbz2.1.0.dylib
0x000000000c309000 	/usr/lib/libiconv.2.dylib
0x000000000c309000 	/usr/lib/libcharset.1.dylib
0x000000000c309000 	/usr/lib/libnetwork.dylib
0x000000000c309000 	/usr/lib/libpcap.A.dylib
0x000000000c309000 	/usr/lib/libapple_nghttp2.dylib
0x000000000c309000 	/System/Library/Frameworks/CoreServices.framework/Versions/A/Frameworks/FSEvents.framework/Versions/A/FSEvents
0x000000000c309000 	/System/Library/Frameworks/CoreServices.framework/Versions/A/Frameworks/CarbonCore.framework/Versions/A/CarbonCore
0x000000000c309000 	/System/Library/Frameworks/CoreServices.framework/Versions/A/Frameworks/Metadata.framework/Versions/A/Metadata
0x000000000c309000 	/System/Library/Frameworks/CoreServices.framework/Versions/A/Frameworks/OSServices.framework/Versions/A/OSServices
0x000000000c309000 	/System/Library/Frameworks/CoreServices.framework/Versions/A/Frameworks/SearchKit.framework/Versions/A/SearchKit
0x000000000c309000 	/System/Library/Frameworks/CoreServices.framework/Versions/A/Frameworks/AE.framework/Versions/A/AE
0x000000000c309000 	/System/Library/Frameworks/CoreServices.framework/Versions/A/Frameworks/LaunchServices.framework/Versions/A/LaunchServices
0x000000000c309000 	/System/Library/Frameworks/CoreServices.framework/Versions/A/Frameworks/DictionaryServices.framework/Versions/A/DictionaryServices
0x000000000c309000 	/System/Library/Frameworks/CoreServices.framework/Versions/A/Frameworks/SharedFileList.framework/Versions/A/SharedFileList
0x000000000c309000 	/System/Library/Frameworks/NetFS.framework/Versions/A/NetFS
0x000000000c309000 	/System/Library/PrivateFrameworks/NetAuth.framework/Versions/A/NetAuth
0x000000000c309000 	/System/Library/PrivateFrameworks/login.framework/Versions/A/Frameworks/loginsupport.framework/Versions/A/loginsupport
0x000000000c309000 	/System/Library/PrivateFrameworks/TCC.framework/Versions/A/TCC
0x000000000c309000 	/System/Library/PrivateFrameworks/CoreNLP.framework/Versions/A/CoreNLP
0x000000000c309000 	/System/Library/PrivateFrameworks/MetadataUtilities.framework/Versions/A/MetadataUtilities
0x000000000c309000 	/usr/lib/libmecabra.dylib
0x000000000c309000 	/usr/lib/libmecab.dylib
0x000000000c309000 	/usr/lib/libgermantok.dylib
0x000000000c309000 	/usr/lib/libThaiTokenizer.dylib
0x000000000c309000 	/usr/lib/libChineseTokenizer.dylib
0x000000000c309000 	/System/Library/Frameworks/Accelerate.framework/Versions/A/Frameworks/vImage.framework/Versions/A/vImage
0x000000000c309000 	/System/Library/Frameworks/Accelerate.framework/Versions/A/Frameworks/vecLib.framework/Versions/A/vecLib
0x000000000c309000 	/System/Library/Frameworks/Accelerate.framework/Versions/A/Frameworks/vecLib.framework/Versions/A/libvMisc.dylib
0x000000000c309000 	/System/Library/Frameworks/Accelerate.framework/Versions/A/Frameworks/vecLib.framework/Versions/A/libvDSP.dylib
0x000000000c309000 	/System/Library/Frameworks/Accelerate.framework/Versions/A/Frameworks/vecLib.framework/Versions/A/libBLAS.dylib
0x000000000c309000 	/System/Library/Frameworks/Accelerate.framework/Versions/A/Frameworks/vecLib.framework/Versions/A/libLAPACK.dylib
0x000000000c309000 	/System/Library/Frameworks/Accelerate.framework/Versions/A/Frameworks/vecLib.framework/Versions/A/libLinearAlgebra.dylib
0x000000000c309000 	/System/Library/Frameworks/Accelerate.framework/Versions/A/Frameworks/vecLib.framework/Versions/A/libSparseBLAS.dylib
0x000000000c309000 	/System/Library/Frameworks/Accelerate.framework/Versions/A/Frameworks/vecLib.framework/Versions/A/libQuadrature.dylib
0x000000000c309000 	/System/Library/Frameworks/Accelerate.framework/Versions/A/Frameworks/vecLib.framework/Versions/A/libBNNS.dylib
0x000000000c309000 	/System/Library/Frameworks/Accelerate.framework/Versions/A/Frameworks/vecLib.framework/Versions/A/libSparse.dylib
0x000000000c309000 	/System/Library/PrivateFrameworks/LanguageModeling.framework/Versions/A/LanguageModeling
0x000000000c309000 	/System/Library/PrivateFrameworks/CoreEmoji.framework/Versions/A/CoreEmoji
0x000000000c309000 	/System/Library/PrivateFrameworks/LinguisticData.framework/Versions/A/LinguisticData
0x000000000c309000 	/System/Library/PrivateFrameworks/Lexicon.framework/Versions/A/Lexicon
0x000000000c309000 	/usr/lib/libcmph.dylib
0x000000000c309000 	/System/Library/Frameworks/OpenDirectory.framework/Versions/A/Frameworks/CFOpenDirectory.framework/Versions/A/CFOpenDirectory
0x000000000c309000 	/System/Library/Frameworks/OpenDirectory.framework/Versions/A/OpenDirectory
0x000000000c309000 	/System/Library/PrivateFrameworks/APFS.framework/Versions/A/APFS
0x000000000c309000 	/System/Library/Frameworks/SecurityFoundation.framework/Versions/A/SecurityFoundation
0x000000000c309000 	/usr/lib/libutil.dylib
0x000000000c309000 	/System/Library/PrivateFrameworks/CoreServicesStore.framework/Versions/A/CoreServicesStore
0x000000000c309000 	/System/Library/Frameworks/ServiceManagement.framework/Versions/A/ServiceManagement
0x000000000c309000 	/System/Library/PrivateFrameworks/BackgroundTaskManagement.framework/Versions/A/BackgroundTaskManagement
0x000000000c309000 	/usr/lib/libxslt.1.dylib
0x000000000c309000 	/System/Library/PrivateFrameworks/AppleSystemInfo.framework/Versions/A/AppleSystemInfo
0x000000000c309000 	/System/Library/Frameworks/ImageIO.framework/Versions/A/Resources/libJPEG.dylib
0x000000000c309000 	/System/Library/Frameworks/ImageIO.framework/Versions/A/Resources/libTIFF.dylib
0x000000000c309000 	/System/Library/Frameworks/ImageIO.framework/Versions/A/Resources/libPng.dylib
0x000000000c309000 	/System/Library/Frameworks/ImageIO.framework/Versions/A/Resources/libGIF.dylib
0x000000000c309000 	/System/Library/Frameworks/ImageIO.framework/Versions/A/Resources/libJP2.dylib
0x000000000c309000 	/System/Library/Frameworks/ImageIO.framework/Versions/A/Resources/libRadiance.dylib
0x000000000c309000 	/usr/lib/libexpat.1.dylib
0x000000000c309000 	/System/Library/PrivateFrameworks/AppleJPEG.framework/Versions/A/AppleJPEG
0x000000000c309000 	/System/Library/PrivateFrameworks/FontServices.framework/libFontParser.dylib
0x000000000c309000 	/System/Library/PrivateFrameworks/WatchdogClient.framework/Versions/A/WatchdogClient
0x000000000c309000 	/System/Library/PrivateFrameworks/IOAccelerator.framework/Versions/A/IOAccelerator
0x000000000c309000 	/System/Library/Frameworks/MetalPerformanceShaders.framework/Versions/A/MetalPerformanceShaders
0x000000000c309000 	/System/Library/PrivateFrameworks/GPUWrangler.framework/Versions/A/GPUWrangler
0x000000000c309000 	/System/Library/PrivateFrameworks/IOPresentment.framework/Versions/A/IOPresentment
0x000000000c309000 	/System/Library/PrivateFrameworks/DSExternalDisplay.framework/Versions/A/DSExternalDisplay
0x000000000c309000 	/System/Library/Frameworks/OpenGL.framework/Versions/A/Libraries/libCoreFSCache.dylib
0x000000000c309000 	/System/Library/Frameworks/MetalPerformanceShaders.framework/Frameworks/MPSCore.framework/Versions/A/MPSCore
0x000000000c309000 	/System/Library/Frameworks/MetalPerformanceShaders.framework/Frameworks/MPSImage.framework/Versions/A/MPSImage
0x000000000c309000 	/System/Library/Frameworks/MetalPerformanceShaders.framework/Frameworks/MPSNeuralNetwork.framework/Versions/A/MPSNeuralNetwork
0x000000000c309000 	/System/Library/Frameworks/MetalPerformanceShaders.framework/Frameworks/MPSMatrix.framework/Versions/A/MPSMatrix
0x000000000c309000 	/System/Library/Frameworks/MetalPerformanceShaders.framework/Frameworks/MPSRayIntersector.framework/Versions/A/MPSRayIntersector
0x000000000c309000 	/System/Library/Frameworks/MetalPerformanceShaders.framework/Frameworks/MPSNDArray.framework/Versions/A/MPSNDArray
0x000000000c309000 	/System/Library/PrivateFrameworks/MetalTools.framework/Versions/A/MetalTools
0x000000000c309000 	/System/Library/PrivateFrameworks/AggregateDictionary.framework/Versions/A/AggregateDictionary
0x000000000c309000 	/System/Library/PrivateFrameworks/CoreAnalytics.framework/Versions/A/CoreAnalytics
0x000000000c309000 	/System/Library/PrivateFrameworks/AppleSauce.framework/Versions/A/AppleSauce
0x000000000c309000 	/usr/lib/libIOReport.dylib
0x000000000c309000 	/System/Library/Frameworks/CoreVideo.framework/Versions/A/CoreVideo
0x000000000c309000 	/System/Library/PrivateFrameworks/GraphVisualizer.framework/Versions/A/GraphVisualizer
0x000000000c309000 	/System/Library/PrivateFrameworks/FaceCore.framework/Versions/A/FaceCore
0x000000000c309000 	/System/Library/Frameworks/OpenCL.framework/Versions/A/OpenCL
0x000000000c309000 	/usr/lib/libFosl_dynamic.dylib
0x000000000c309000 	/System/Library/PrivateFrameworks/OTSVG.framework/Versions/A/OTSVG
0x000000000c309000 	/System/Library/Frameworks/ApplicationServices.framework/Versions/A/Frameworks/ATS.framework/Versions/A/Resources/libFontRegistry.dylib
0x000000000c309000 	/System/Library/PrivateFrameworks/FontServices.framework/libhvf.dylib
0x000000000c309000 	/System/Library/Frameworks/OpenGL.framework/Versions/A/Libraries/libGFXShared.dylib
0x000000000c309000 	/System/Library/Frameworks/OpenGL.framework/Versions/A/Libraries/libGLU.dylib
0x000000000c309000 	/System/Library/Frameworks/OpenGL.framework/Versions/A/Libraries/libGL.dylib
0x000000000c309000 	/System/Library/Frameworks/OpenGL.framework/Versions/A/Libraries/libGLImage.dylib
0x000000000c309000 	/System/Library/Frameworks/OpenGL.framework/Versions/A/Libraries/libCVMSPluginSupport.dylib
0x000000000c309000 	/System/Library/Frameworks/OpenGL.framework/Versions/A/Libraries/libCoreVMClient.dylib
0x000000000c309000 	/usr/lib/libncurses.5.4.dylib
0x000000000c309000 	/System/Library/Frameworks/ApplicationServices.framework/Versions/A/Frameworks/ATS.framework/Versions/A/ATS
0x000000000c309000 	/System/Library/Frameworks/ApplicationServices.framework/Versions/A/Frameworks/ColorSyncLegacy.framework/Versions/A/ColorSyncLegacy
0x000000000c309000 	/System/Library/Frameworks/ApplicationServices.framework/Versions/A/Frameworks/HIServices.framework/Versions/A/HIServices
0x000000000c309000 	/System/Library/Frameworks/ApplicationServices.framework/Versions/A/Frameworks/LangAnalysis.framework/Versions/A/LangAnalysis
0x000000000c309000 	/System/Library/Frameworks/ApplicationServices.framework/Versions/A/Frameworks/PrintCore.framework/Versions/A/PrintCore
0x000000000c309000 	/System/Library/Frameworks/ApplicationServices.framework/Versions/A/Frameworks/QD.framework/Versions/A/QD
0x000000000c309000 	/System/Library/Frameworks/ApplicationServices.framework/Versions/A/Frameworks/SpeechSynthesis.framework/Versions/A/SpeechSynthesis
0x000000000c309000 	/System/Library/Frameworks/ApplicationServices.framework/Versions/A/Frameworks/ATSUI.framework/Versions/A/ATSUI
0x000000000c309000 	/usr/lib/libcups.2.dylib
0x000000000c309000 	/System/Library/Frameworks/Kerberos.framework/Versions/A/Kerberos
0x000000000c309000 	/System/Library/Frameworks/GSS.framework/Versions/A/GSS
0x000000000c309000 	/usr/lib/libresolv.9.dylib
0x000000000c309000 	/System/Library/PrivateFrameworks/Heimdal.framework/Versions/A/Heimdal
0x000000000c309000 	/System/Library/Frameworks/Kerberos.framework/Versions/A/Libraries/libHeimdalProxy.dylib
0x000000000c309000 	/usr/lib/libheimdal-asn1.dylib
0x000000000c309000 	/System/Library/PrivateFrameworks/CommonAuth.framework/Versions/A/CommonAuth
0x000000000c309000 	/System/Library/PrivateFrameworks/AssertionServices.framework/Versions/A/AssertionServices
0x000000000c309000 	/System/Library/PrivateFrameworks/AudioToolboxCore.framework/Versions/A/AudioToolboxCore
0x000000000c309000 	/System/Library/PrivateFrameworks/caulk.framework/Versions/A/caulk
0x000000000c309000 	/System/Library/PrivateFrameworks/BaseBoard.framework/Versions/A/BaseBoard
0x000000000c309000 	/System/Library/PrivateFrameworks/RunningBoardServices.framework/Versions/A/RunningBoardServices
0x000000000c309000 	/System/Library/PrivateFrameworks/PersistentConnection.framework/Versions/A/PersistentConnection
0x000000000c309000 	/System/Library/PrivateFrameworks/ProtocolBuffer.framework/Versions/A/ProtocolBuffer
0x000000000c309000 	/System/Library/PrivateFrameworks/CommonUtilities.framework/Versions/A/CommonUtilities
0x000000000c309000 	/System/Library/PrivateFrameworks/Bom.framework/Versions/A/Bom
0x000000000c309000 	/usr/lib/libAudioToolboxUtility.dylib
0x000000000c309000 	/System/Library/PrivateFrameworks/Backup.framework/Versions/A/Backup
0x000000000c309000 	/System/Library/PrivateFrameworks/CrashReporterSupport.framework/Versions/A/CrashReporterSupport
0x000000000c309000 	/System/Library/PrivateFrameworks/Sharing.framework/Versions/A/Sharing
0x000000000c309000 	/System/Library/PrivateFrameworks/Apple80211.framework/Versions/A/Apple80211
0x000000000c309000 	/System/Library/PrivateFrameworks/AuthKit.framework/Versions/A/AuthKit
0x000000000c309000 	/System/Library/PrivateFrameworks/CoreUtils.framework/Versions/A/CoreUtils
0x000000000c309000 	/System/Library/Frameworks/CoreWLAN.framework/Versions/A/CoreWLAN
0x000000000c309000 	/System/Library/Frameworks/IOBluetooth.framework/Versions/A/IOBluetooth
0x000000000c309000 	/System/Library/PrivateFrameworks/MobileKeyBag.framework/Versions/A/MobileKeyBag
0x000000000c309000 	/System/Library/PrivateFrameworks/CorePhoneNumbers.framework/Versions/A/CorePhoneNumbers
0x000000000c309000 	/System/Library/PrivateFrameworks/AppleIDAuthSupport.framework/Versions/A/AppleIDAuthSupport
0x000000000c309000 	/System/Library/Frameworks/Network.framework/Versions/A/Network
0x000000000c309000 	/System/Library/PrivateFrameworks/KeychainCircle.framework/Versions/A/KeychainCircle
0x000000000c309000 	/System/Library/Frameworks/CoreBluetooth.framework/Versions/A/CoreBluetooth
0x000000000c309000 	/System/Library/PrivateFrameworks/SpeechRecognitionCore.framework/Versions/A/SpeechRecognitionCore
0x0000000109200000 	/Library/Java/JavaVirtualMachines/jdk1.8.0_121.jdk/Contents/Home/jre/lib/server/libjvm.dylib
0x000000000c309000 	/usr/lib/libstdc++.6.dylib
0x00000001080d2000 	/Library/Java/JavaVirtualMachines/jdk1.8.0_121.jdk/Contents/Home/jre/lib/libverify.dylib
0x00000001080e0000 	/Library/Java/JavaVirtualMachines/jdk1.8.0_121.jdk/Contents/Home/jre/lib/libjava.dylib
0x000000010815f000 	/Library/Java/JavaVirtualMachines/jdk1.8.0_121.jdk/Contents/Home/jre/lib/libzip.dylib
0x000000000c309000 	/System/Library/Frameworks/JavaVM.framework/Versions/A/Frameworks/JavaRuntimeSupport.framework/Versions/A/JavaRuntimeSupport
0x000000000c309000 	/System/Library/Frameworks/JavaVM.framework/Versions/A/Frameworks/JavaNativeFoundation.framework/Versions/A/JavaNativeFoundation
0x000000000c309000 	/System/Library/Frameworks/JavaVM.framework/Versions/A/JavaVM
0x000000000c309000 	/System/Library/Frameworks/Carbon.framework/Versions/A/Carbon
0x000000000c309000 	/System/Library/PrivateFrameworks/CoreSymbolication.framework/Versions/A/CoreSymbolication
0x000000000c309000 	/System/Library/PrivateFrameworks/JavaLaunching.framework/Versions/A/JavaLaunching
0x000000000c309000 	/System/Library/Frameworks/Carbon.framework/Versions/A/Frameworks/CommonPanels.framework/Versions/A/CommonPanels
0x000000000c309000 	/System/Library/Frameworks/Carbon.framework/Versions/A/Frameworks/Help.framework/Versions/A/Help
0x000000000c309000 	/System/Library/Frameworks/Carbon.framework/Versions/A/Frameworks/ImageCapture.framework/Versions/A/ImageCapture
0x000000000c309000 	/System/Library/Frameworks/Carbon.framework/Versions/A/Frameworks/OpenScripting.framework/Versions/A/OpenScripting
0x000000000c309000 	/System/Library/Frameworks/Carbon.framework/Versions/A/Frameworks/Ink.framework/Versions/A/Ink
0x000000000c309000 	/System/Library/Frameworks/Carbon.framework/Versions/A/Frameworks/Print.framework/Versions/A/Print
0x000000000c309000 	/System/Library/Frameworks/Carbon.framework/Versions/A/Frameworks/SecurityHI.framework/Versions/A/SecurityHI
0x000000000c309000 	/System/Library/PrivateFrameworks/DebugSymbols.framework/Versions/A/DebugSymbols
0x000000010fa80000 	/Library/Java/JavaVirtualMachines/jdk1.8.0_121.jdk/Contents/Home/jre/lib/libnio.dylib
0x000000010fa90000 	/Library/Java/JavaVirtualMachines/jdk1.8.0_121.jdk/Contents/Home/jre/lib/libnet.dylib
0x000000010faa7000 	/private/var/folders/78/zcc1zmcx57g_ds7j_5gz8fx00000gn/T/libjansi-1.17.1-1564809966976954983.jnilib

VM Arguments:
jvm_args: -Dmaven.multiModuleProjectDirectory=/Users/simonjohnson/IdeaProjects/mqtt-sn/mqtt-sn-gateway-vertx -Dmaven.home=/Applications/IntelliJ IDEA.app/Contents/plugins/maven/lib/maven3 -Dclassworlds.conf=/Applications/IntelliJ IDEA.app/Contents/plugins/maven/lib/maven3/bin/m2.conf -Dmaven.ext.class.path=/Applications/IntelliJ IDEA.app/Contents/plugins/maven/lib/maven-event-listener.jar -Dfile.encoding=UTF-8 
java_command: org.codehaus.classworlds.Launcher -Didea.version=2020.2.1 install --non-recursive
java_class_path (initial): /Applications/IntelliJ IDEA.app/Contents/plugins/maven/lib/maven3/boot/plexus-classworlds.license:/Applications/IntelliJ IDEA.app/Contents/plugins/maven/lib/maven3/boot/plexus-classworlds-2.6.0.jar
Launcher Type: SUN_STANDARD

Environment Variables:
JAVA_HOME=/Library/Java/JavaVirtualMachines/jdk1.7.0_25.jdk/Contents/Home
PATH=/Users/simonjohnson/Documents/devSoftware/apache-maven-3.1.1/bin:/usr/local/mysql/bin:/Applications/Xcode.app/Contents/Developer/usr/bin/:/usr/local/bin:/usr/bin:/bin:/usr/sbin:/sbin
SHELL=/bin/bash

Signal Handlers:
SIGSEGV: [libjvm.dylib+0x5b1141], sa_mask[0]=11111111011111110111111111111111, sa_flags=SA_ONSTACK|SA_RESTART|SA_SIGINFO
SIGBUS: [libjvm.dylib+0x5b1141], sa_mask[0]=11111111011111110111111111111111, sa_flags=SA_RESTART|SA_SIGINFO
SIGFPE: [libjvm.dylib+0x487bc4], sa_mask[0]=11111111011111110111111111111111, sa_flags=SA_RESTART|SA_SIGINFO
SIGPIPE: [libjvm.dylib+0x487bc4], sa_mask[0]=11111111011111110111111111111111, sa_flags=SA_RESTART|SA_SIGINFO
SIGXFSZ: [libjvm.dylib+0x487bc4], sa_mask[0]=11111111011111110111111111111111, sa_flags=SA_RESTART|SA_SIGINFO
SIGILL: [libjvm.dylib+0x487bc4], sa_mask[0]=11111111011111110111111111111111, sa_flags=SA_RESTART|SA_SIGINFO
SIGUSR1: SIG_DFL, sa_mask[0]=00000000000000000000000000000000, sa_flags=none
SIGUSR2: [libjvm.dylib+0x4876e2], sa_mask[0]=00100000000000000000000000000000, sa_flags=SA_RESTART|SA_SIGINFO
SIGHUP: [libjvm.dylib+0x485cb9], sa_mask[0]=11111111011111110111111111111111, sa_flags=SA_RESTART|SA_SIGINFO
SIGINT: [libjvm.dylib+0x485cb9], sa_mask[0]=11111111011111110111111111111111, sa_flags=SA_RESTART|SA_SIGINFO
SIGTERM: [libjvm.dylib+0x485cb9], sa_mask[0]=11111111011111110111111111111111, sa_flags=SA_RESTART|SA_SIGINFO
SIGQUIT: [libjvm.dylib+0x485cb9], sa_mask[0]=11111111011111110111111111111111, sa_flags=SA_RESTART|SA_SIGINFO


---------------  S Y S T E M  ---------------

OS:Bsduname:Darwin 19.5.0 Darwin Kernel Version 19.5.0: Tue May 26 20:41:44 PDT 2020; root:xnu-6153.121.2~2/RELEASE_X86_64 x86_64
rlimit: STACK 8192k, CORE 0k, NPROC 1392, NOFILE 10240, AS infinity
load average:22.52 13.21 7.42

CPU:total 8 (4 cores per cpu, 2 threads per core) family 6 model 58 stepping 9, cmov, cx8, fxsr, mmx, sse, sse2, sse3, ssse3, sse4.1, sse4.2, popcnt, avx, aes, clmul, erms, ht, tsc, tscinvbit, tscinv

Memory: 4k page, physical 8388608k(1109116k free)

/proc/meminfo:


vm_info: Java HotSpot(TM) 64-Bit Server VM (25.121-b13) for bsd-amd64 JRE (1.8.0_121-b13), built on Dec 12 2016 20:39:32 by "java_re" with gcc 4.2.1 (Based on Apple Inc. build 5658) (LLVM build 2336.11.00)

time: Mon Sep 21 11:17:34 2020
elapsed time: 15 seconds (0d 0h 0m 15s)

