#
# A fatal error has been detected by the Java Runtime Environment:
#
#  SIGBUS (0xa) at pc=0x0000000102fe4e92, pid=16860, tid=0x0000000000001003
#
# JRE version: Java(TM) SE Runtime Environment (8.0_121-b13) (build 1.8.0_121-b13)
# Java VM: Java HotSpot(TM) 64-Bit Server VM (25.121-b13 mixed mode bsd-amd64 compressed oops)
# Problematic frame:
# C  [libzip.dylib+0x2e92]  newEntry+0x154
#
# Failed to write core dump. Core dumps have been disabled. To enable core dumping, try "ulimit -c unlimited" before starting Java again
#
# If you would like to submit a bug report, please visit:
#   http://bugreport.java.com/bugreport/crash.jsp
# The crash happened outside the Java Virtual Machine in native code.
# See problematic frame for where to report the bug.
#

---------------  T H R E A D  ---------------

Current thread (0x00007fac6a808800):  JavaThread "main" [_thread_in_native, id=4099, stack(0x000070000a877000,0x000070000a977000)]

siginfo: si_signo: 10 (SIGBUS), si_code: 2 (BUS_ADRERR), si_addr: 0x000000010af910e2

Registers:
RAX=0x00007fac67f94c70, RBX=0x000000010af910d6, RCX=0x0000000000000000, RDX=0x00007fac68900000
RSP=0x000070000a975150, RBP=0x000070000a9751b0, RSI=0x0000000000100000, RDI=0x000000000000088d
R8 =0x00000000000088d0, R9 =0x00000000000088d4, R10=0x00000000fff0ffff, R11=0x0000000000000000
R12=0x0000000000000000, R13=0x000000010807a148, R14=0x00007fac67f94c70, R15=0x00007fac6a808800
RIP=0x0000000102fe4e92, EFLAGS=0x0000000000010202, ERR=0x0000000000000004
  TRAPNO=0x000000000000000e

Top of Stack: (sp=0x000070000a975150)
0x000070000a975150:   000000010adff148 0000000102460003
0x000070000a975160:   000070000a9751e8 0000000111025a10
0x000070000a975170:   000070000a975190 00007fac67f94c70
0x000070000a975180:   00007fac6898cd70 00000000000000e3
0x000070000a975190:   0000000000000000 000000010807a148
0x000070000a9751a0:   00007fac67f94c70 00007fac6a808800
0x000070000a9751b0:   000070000a9751d0 0000000102fe5441
0x000070000a9751c0:   000000010807a148 000070000a975280
0x000070000a9751d0:   000070000a9751e0 0000000102fe4157
0x000070000a9751e0:   000070000a975250 00000001110229f4
0x000070000a9751f0:   00000001080a5a10 000070000a975240
0x000070000a975200:   000070000a975250 000000011114d7e6
0x000070000a975210:   000070000a975210 0000000000000000
0x000070000a975220:   000070000a975280 000000010807b9d0
0x000070000a975230:   0000000000000000 000000010807a148
0x000070000a975240:   0000000000000000 000070000a975270
0x000070000a975250:   000070000a9752c8 0000000111012dd0
0x000070000a975260:   0000000740000ea8 000000011101c537
0x000070000a975270:   00000000000000e3 00007fac67f94c70
0x000070000a975280:   0000000795f25bf8 000070000a975288
0x000070000a975290:   000000010807b21a 000070000a9752e8
0x000070000a9752a0:   000000010807b9d0 0000000000000000
0x000070000a9752b0:   000000010807b228 000070000a975270
0x000070000a9752c0:   000070000a9752d8 000070000a975340
0x000070000a9752d0:   0000000111012dd0 00000000000000e3
0x000070000a9752e0:   00007fac67f94c70 0000000795f25b90
0x000070000a9752f0:   0000000795f25b90 0000000795f25b90
0x000070000a975300:   000070000a9752f0 000000010ae26b56
0x000070000a975310:   000070000a975378 000000010ae26dd8
0x000070000a975320:   000000010aef0ee8 000000010ae26c20
0x000070000a975330:   000070000a9752d8 000070000a975380
0x000070000a975340:   000070000a9754b0 0000000111c144e4 

Instructions: (pc=0x0000000102fe4e92)
0x0000000102fe4e72:   49 8b 7f 38 e8 5b 1b 00 00 4d 89 77 38 49 89 5f
0x0000000102fe4e82:   40 4c 89 f0 48 85 c0 0f 84 11 05 00 00 48 89 c3
0x0000000102fe4e92:   0f b6 43 0c 0f b6 4b 0d 48 c1 e1 08 48 01 c1 0f
0x0000000102fe4ea2:   b6 43 0e 0f b6 53 0f 48 c1 e2 08 48 01 c2 48 c1 

Register to memory mapping:

RAX=0x00007fac67f94c70 is an unknown value
RBX=0x000000010af910d6 is an unknown value
RCX=0x0000000000000000 is an unknown value
RDX=0x00007fac68900000 is an unknown value
RSP=0x000070000a975150 is pointing into the stack for thread: 0x00007fac6a808800
RBP=0x000070000a9751b0 is pointing into the stack for thread: 0x00007fac6a808800
RSI=0x0000000000100000 is an unknown value
RDI=0x000000000000088d is an unknown value
R8 =0x00000000000088d0 is an unknown value
R9 =0x00000000000088d4 is an unknown value
R10=0x00000000fff0ffff is an unknown value
R11=0x0000000000000000 is an unknown value
R12=0x0000000000000000 is an unknown value
R13={method} {0x000000010807a148} 'getNextEntry' '(JI)J' in 'java/util/zip/ZipFile'
R14=0x00007fac67f94c70 is an unknown value
R15=0x00007fac6a808800 is a thread


Stack: [0x000070000a877000,0x000070000a977000],  sp=0x000070000a975150,  free space=1016k
Native frames: (J=compiled Java code, j=interpreted, Vv=VM code, C=native code)
C  [libzip.dylib+0x2e92]  newEntry+0x154
C  [libzip.dylib+0x3441]  ZIP_GetNextEntry+0x37
C  [libzip.dylib+0x2157]  Java_java_util_zip_ZipFile_getNextEntry+0xe
j  java.util.zip.ZipFile.getNextEntry(JI)J+0
j  java.util.zip.ZipFile.access$500(JI)J+2
j  java.util.zip.ZipFile$ZipEntryIterator.next()Ljava/util/zip/ZipEntry;+54
J 3647 C1 java.util.zip.ZipFile$ZipEntryIterator.nextElement()Ljava/lang/Object; (5 bytes) @ 0x0000000111c144e4 [0x0000000111c14400+0xe4]
J 3644 C1 java.util.jar.JarFile$JarEntryIterator.nextElement()Ljava/lang/Object; (5 bytes) @ 0x0000000111c0f344 [0x0000000111c0f180+0x1c4]
j  org.apache.maven.plugins.shade.DefaultShader.shadeJars(Lorg/apache/maven/plugins/shade/ShadeRequest;Ljava/util/Set;Ljava/util/List;Lorg/apache/maven/plugins/shade/DefaultShader$RelocatorRemapper;Ljava/util/jar/JarOutputStream;Lcom/google/common/collect/Multimap;)V+101
j  org.apache.maven.plugins.shade.DefaultShader.shade(Lorg/apache/maven/plugins/shade/ShadeRequest;)V+159
j  org.apache.maven.plugins.shade.mojo.ShadeMojo.execute()V+277
j  org.apache.maven.plugin.DefaultBuildPluginManager.executeMojo(Lorg/apache/maven/execution/MavenSession;Lorg/apache/maven/plugin/MojoExecution;)V+152
j  org.apache.maven.lifecycle.internal.MojoExecutor.execute(Lorg/apache/maven/execution/MavenSession;Lorg/apache/maven/plugin/MojoExecution;Lorg/apache/maven/lifecycle/internal/ProjectIndex;Lorg/apache/maven/lifecycle/internal/DependencyContext;)V+215
j  org.apache.maven.lifecycle.internal.MojoExecutor.execute(Lorg/apache/maven/execution/MavenSession;Lorg/apache/maven/plugin/MojoExecution;Lorg/apache/maven/lifecycle/internal/ProjectIndex;Lorg/apache/maven/lifecycle/internal/DependencyContext;Lorg/apache/maven/lifecycle/internal/PhaseRecorder;)V+6
j  org.apache.maven.lifecycle.internal.MojoExecutor.execute(Lorg/apache/maven/execution/MavenSession;Ljava/util/List;Lorg/apache/maven/lifecycle/internal/ProjectIndex;)V+60
j  org.apache.maven.lifecycle.internal.LifecycleModuleBuilder.buildProject(Lorg/apache/maven/execution/MavenSession;Lorg/apache/maven/execution/MavenSession;Lorg/apache/maven/lifecycle/internal/ReactorContext;Lorg/apache/maven/project/MavenProject;Lorg/apache/maven/lifecycle/internal/TaskSegment;)V+179
j  org.apache.maven.lifecycle.internal.LifecycleModuleBuilder.buildProject(Lorg/apache/maven/execution/MavenSession;Lorg/apache/maven/lifecycle/internal/ReactorContext;Lorg/apache/maven/project/MavenProject;Lorg/apache/maven/lifecycle/internal/TaskSegment;)V+7
j  org.apache.maven.lifecycle.internal.builder.singlethreaded.SingleThreadedBuilder.build(Lorg/apache/maven/execution/MavenSession;Lorg/apache/maven/lifecycle/internal/ReactorContext;Lorg/apache/maven/lifecycle/internal/ProjectBuildList;Ljava/util/List;Lorg/apache/maven/lifecycle/internal/ReactorBuildStatus;)V+77
j  org.apache.maven.lifecycle.internal.LifecycleStarter.execute(Lorg/apache/maven/execution/MavenSession;)V+348
j  org.apache.maven.DefaultMaven.doExecute(Lorg/apache/maven/execution/MavenExecutionRequest;Lorg/apache/maven/execution/MavenSession;Lorg/apache/maven/execution/MavenExecutionResult;Lorg/eclipse/aether/DefaultRepositorySystemSession;)Lorg/apache/maven/execution/MavenExecutionResult;+425
j  org.apache.maven.DefaultMaven.doExecute(Lorg/apache/maven/execution/MavenExecutionRequest;)Lorg/apache/maven/execution/MavenExecutionResult;+98
j  org.apache.maven.DefaultMaven.execute(Lorg/apache/maven/execution/MavenExecutionRequest;)Lorg/apache/maven/execution/MavenExecutionResult;+2
j  org.apache.maven.cli.MavenCli.execute(Lorg/apache/maven/cli/CliRequest;)I+27
j  org.apache.maven.cli.MavenCli.doMain(Lorg/apache/maven/cli/CliRequest;)I+66
j  org.apache.maven.cli.MavenCli.main([Ljava/lang/String;Lorg/codehaus/plexus/classworlds/ClassWorld;)I+24
v  ~StubRoutines::call_stub
V  [libjvm.dylib+0x2ed9d6]  JavaCalls::call_helper(JavaValue*, methodHandle*, JavaCallArguments*, Thread*)+0x6ae
V  [libjvm.dylib+0x4d26c4]  Reflection::invoke(instanceKlassHandle, methodHandle, Handle, bool, objArrayHandle, BasicType, objArrayHandle, bool, Thread*)+0xe12
V  [libjvm.dylib+0x4d2bf8]  Reflection::invoke_method(oopDesc*, Handle, objArrayHandle, Thread*)+0x16c
V  [libjvm.dylib+0x345db8]  JVM_InvokeMethod+0x166
j  sun.reflect.NativeMethodAccessorImpl.invoke0(Ljava/lang/reflect/Method;Ljava/lang/Object;[Ljava/lang/Object;)Ljava/lang/Object;+0
j  sun.reflect.NativeMethodAccessorImpl.invoke(Ljava/lang/Object;[Ljava/lang/Object;)Ljava/lang/Object;+100
j  sun.reflect.DelegatingMethodAccessorImpl.invoke(Ljava/lang/Object;[Ljava/lang/Object;)Ljava/lang/Object;+6
j  java.lang.reflect.Method.invoke(Ljava/lang/Object;[Ljava/lang/Object;)Ljava/lang/Object;+56
j  org.codehaus.plexus.classworlds.launcher.Launcher.launchEnhanced([Ljava/lang/String;)V+45
j  org.codehaus.plexus.classworlds.launcher.Launcher.launch([Ljava/lang/String;)V+2
j  org.codehaus.plexus.classworlds.launcher.Launcher.mainWithExitCode([Ljava/lang/String;)I+101
j  org.codehaus.plexus.classworlds.launcher.Launcher.main([Ljava/lang/String;)V+1
j  org.codehaus.classworlds.Launcher.main([Ljava/lang/String;)V+1
v  ~StubRoutines::call_stub
V  [libjvm.dylib+0x2ed9d6]  JavaCalls::call_helper(JavaValue*, methodHandle*, JavaCallArguments*, Thread*)+0x6ae
V  [libjvm.dylib+0x3247ce]  jni_invoke_static(JNIEnv_*, JavaValue*, _jobject*, JNICallType, _jmethodID*, JNI_ArgumentPusher*, Thread*)+0x1bf
V  [libjvm.dylib+0x31d545]  jni_CallStaticVoidMethod+0x15d
C  [java+0x3931]  JavaMain+0x9c4
C  [libsystem_pthread.dylib+0x6109]  _pthread_start+0x94
C  [libsystem_pthread.dylib+0x1b8b]  thread_start+0xf
C  0x0000000000000000

Java frames: (J=compiled Java code, j=interpreted, Vv=VM code)
j  java.util.zip.ZipFile.getNextEntry(JI)J+0
j  java.util.zip.ZipFile.access$500(JI)J+2
j  java.util.zip.ZipFile$ZipEntryIterator.next()Ljava/util/zip/ZipEntry;+54
J 3647 C1 java.util.zip.ZipFile$ZipEntryIterator.nextElement()Ljava/lang/Object; (5 bytes) @ 0x0000000111c144e4 [0x0000000111c14400+0xe4]
J 3644 C1 java.util.jar.JarFile$JarEntryIterator.nextElement()Ljava/lang/Object; (5 bytes) @ 0x0000000111c0f344 [0x0000000111c0f180+0x1c4]
j  org.apache.maven.plugins.shade.DefaultShader.shadeJars(Lorg/apache/maven/plugins/shade/ShadeRequest;Ljava/util/Set;Ljava/util/List;Lorg/apache/maven/plugins/shade/DefaultShader$RelocatorRemapper;Ljava/util/jar/JarOutputStream;Lcom/google/common/collect/Multimap;)V+101
j  org.apache.maven.plugins.shade.DefaultShader.shade(Lorg/apache/maven/plugins/shade/ShadeRequest;)V+159
j  org.apache.maven.plugins.shade.mojo.ShadeMojo.execute()V+277
j  org.apache.maven.plugin.DefaultBuildPluginManager.executeMojo(Lorg/apache/maven/execution/MavenSession;Lorg/apache/maven/plugin/MojoExecution;)V+152
j  org.apache.maven.lifecycle.internal.MojoExecutor.execute(Lorg/apache/maven/execution/MavenSession;Lorg/apache/maven/plugin/MojoExecution;Lorg/apache/maven/lifecycle/internal/ProjectIndex;Lorg/apache/maven/lifecycle/internal/DependencyContext;)V+215
j  org.apache.maven.lifecycle.internal.MojoExecutor.execute(Lorg/apache/maven/execution/MavenSession;Lorg/apache/maven/plugin/MojoExecution;Lorg/apache/maven/lifecycle/internal/ProjectIndex;Lorg/apache/maven/lifecycle/internal/DependencyContext;Lorg/apache/maven/lifecycle/internal/PhaseRecorder;)V+6
j  org.apache.maven.lifecycle.internal.MojoExecutor.execute(Lorg/apache/maven/execution/MavenSession;Ljava/util/List;Lorg/apache/maven/lifecycle/internal/ProjectIndex;)V+60
j  org.apache.maven.lifecycle.internal.LifecycleModuleBuilder.buildProject(Lorg/apache/maven/execution/MavenSession;Lorg/apache/maven/execution/MavenSession;Lorg/apache/maven/lifecycle/internal/ReactorContext;Lorg/apache/maven/project/MavenProject;Lorg/apache/maven/lifecycle/internal/TaskSegment;)V+179
j  org.apache.maven.lifecycle.internal.LifecycleModuleBuilder.buildProject(Lorg/apache/maven/execution/MavenSession;Lorg/apache/maven/lifecycle/internal/ReactorContext;Lorg/apache/maven/project/MavenProject;Lorg/apache/maven/lifecycle/internal/TaskSegment;)V+7
j  org.apache.maven.lifecycle.internal.builder.singlethreaded.SingleThreadedBuilder.build(Lorg/apache/maven/execution/MavenSession;Lorg/apache/maven/lifecycle/internal/ReactorContext;Lorg/apache/maven/lifecycle/internal/ProjectBuildList;Ljava/util/List;Lorg/apache/maven/lifecycle/internal/ReactorBuildStatus;)V+77
j  org.apache.maven.lifecycle.internal.LifecycleStarter.execute(Lorg/apache/maven/execution/MavenSession;)V+348
j  org.apache.maven.DefaultMaven.doExecute(Lorg/apache/maven/execution/MavenExecutionRequest;Lorg/apache/maven/execution/MavenSession;Lorg/apache/maven/execution/MavenExecutionResult;Lorg/eclipse/aether/DefaultRepositorySystemSession;)Lorg/apache/maven/execution/MavenExecutionResult;+425
j  org.apache.maven.DefaultMaven.doExecute(Lorg/apache/maven/execution/MavenExecutionRequest;)Lorg/apache/maven/execution/MavenExecutionResult;+98
j  org.apache.maven.DefaultMaven.execute(Lorg/apache/maven/execution/MavenExecutionRequest;)Lorg/apache/maven/execution/MavenExecutionResult;+2
j  org.apache.maven.cli.MavenCli.execute(Lorg/apache/maven/cli/CliRequest;)I+27
j  org.apache.maven.cli.MavenCli.doMain(Lorg/apache/maven/cli/CliRequest;)I+66
j  org.apache.maven.cli.MavenCli.main([Ljava/lang/String;Lorg/codehaus/plexus/classworlds/ClassWorld;)I+24
v  ~StubRoutines::call_stub
j  sun.reflect.NativeMethodAccessorImpl.invoke0(Ljava/lang/reflect/Method;Ljava/lang/Object;[Ljava/lang/Object;)Ljava/lang/Object;+0
j  sun.reflect.NativeMethodAccessorImpl.invoke(Ljava/lang/Object;[Ljava/lang/Object;)Ljava/lang/Object;+100
j  sun.reflect.DelegatingMethodAccessorImpl.invoke(Ljava/lang/Object;[Ljava/lang/Object;)Ljava/lang/Object;+6
j  java.lang.reflect.Method.invoke(Ljava/lang/Object;[Ljava/lang/Object;)Ljava/lang/Object;+56
j  org.codehaus.plexus.classworlds.launcher.Launcher.launchEnhanced([Ljava/lang/String;)V+45
j  org.codehaus.plexus.classworlds.launcher.Launcher.launch([Ljava/lang/String;)V+2
j  org.codehaus.plexus.classworlds.launcher.Launcher.mainWithExitCode([Ljava/lang/String;)I+101
j  org.codehaus.plexus.classworlds.launcher.Launcher.main([Ljava/lang/String;)V+1
j  org.codehaus.classworlds.Launcher.main([Ljava/lang/String;)V+1
v  ~StubRoutines::call_stub

---------------  P R O C E S S  ---------------

Java Threads: ( => current thread )
  0x00007fac6981e800 JavaThread "Service Thread" daemon [_thread_blocked, id=16387, stack(0x000070000bab0000,0x000070000bbb0000)]
  0x00007fac6c03b800 JavaThread "C1 CompilerThread3" daemon [_thread_blocked, id=16899, stack(0x000070000b9ad000,0x000070000baad000)]
  0x00007fac6a811000 JavaThread "C2 CompilerThread2" daemon [_thread_blocked, id=15363, stack(0x000070000b8aa000,0x000070000b9aa000)]
  0x00007fac6b817000 JavaThread "C2 CompilerThread1" daemon [_thread_blocked, id=17411, stack(0x000070000b7a7000,0x000070000b8a7000)]
  0x00007fac68017800 JavaThread "C2 CompilerThread0" daemon [_thread_blocked, id=14851, stack(0x000070000b6a4000,0x000070000b7a4000)]
  0x00007fac6800f000 JavaThread "Signal Dispatcher" daemon [_thread_blocked, id=14595, stack(0x000070000b5a1000,0x000070000b6a1000)]
  0x00007fac6c02b800 JavaThread "Finalizer" daemon [_thread_blocked, id=19715, stack(0x000070000b398000,0x000070000b498000)]
  0x00007fac6a814000 JavaThread "Reference Handler" daemon [_thread_blocked, id=19971, stack(0x000070000b295000,0x000070000b395000)]
=>0x00007fac6a808800 JavaThread "main" [_thread_in_native, id=4099, stack(0x000070000a877000,0x000070000a977000)]

Other Threads:
  0x00007fac6b00c800 VMThread [stack: 0x000070000b192000,0x000070000b292000] [id=20227]
  0x00007fac6a00a000 WatcherThread [stack: 0x000070000bbb3000,0x000070000bcb3000] [id=15619]

VM state:not at safepoint (normal execution)

VM Mutex/Monitor currently owned by a thread: None

Heap:
 PSYoungGen      total 38912K, used 19528K [0x0000000795580000, 0x0000000798480000, 0x00000007c0000000)
  eden space 31744K, 40% used [0x0000000795580000,0x0000000796201f48,0x0000000797480000)
  from space 7168K, 93% used [0x0000000797500000,0x0000000797b90298,0x0000000797c00000)
  to   space 8192K, 0% used [0x0000000797c80000,0x0000000797c80000,0x0000000798480000)
 ParOldGen       total 87552K, used 9941K [0x0000000740000000, 0x0000000745580000, 0x0000000795580000)
  object space 87552K, 11% used [0x0000000740000000,0x00000007409b5400,0x0000000745580000)
 Metaspace       used 20264K, capacity 20758K, committed 20992K, reserved 1067008K
  class space    used 2331K, capacity 2503K, committed 2560K, reserved 1048576K

Card table byte_map: [0x00000001033ab000,0x00000001037ac000] byte_map_base: 0x00000000ff9ab000

Marking Bits: (ParMarkBitMap*) 0x00000001028f0d30
 Begin Bits: [0x0000000103a57000, 0x0000000105a57000)
 End Bits:   [0x0000000105a57000, 0x0000000107a57000)

Polling page: 0x0000000100fee000

CodeCache: size=245760Kb used=12309Kb max_used=12311Kb free=233450Kb
 bounds [0x000000011100b000, 0x0000000111c1b000, 0x000000012000b000]
 total_blobs=3962 nmethods=3588 adapters=287
 compilation: enabled

Compilation events (10 events):
Event: 16.256 Thread 0x00007fac6b817000 nmethod 3662 0x0000000111bd7f50 code [0x0000000111bd80a0, 0x0000000111bd8158]
Event: 16.256 Thread 0x00007fac6c03b800 nmethod 3657 0x0000000111c195d0 code [0x0000000111c19800, 0x0000000111c1a588]
Event: 16.256 Thread 0x00007fac6c03b800 3658       3       sun.util.calendar.CalendarDate::setHours (20 bytes)
Event: 16.256 Thread 0x00007fac6c03b800 nmethod 3658 0x0000000111c16890 code [0x0000000111c16a00, 0x0000000111c16b90]
Event: 16.256 Thread 0x00007fac6c03b800 3659       3       sun.util.calendar.CalendarDate::setMinutes (20 bytes)
Event: 16.256 Thread 0x00007fac6c03b800 nmethod 3659 0x0000000111c16510 code [0x0000000111c16680, 0x0000000111c16810]
Event: 16.256 Thread 0x00007fac6c03b800 3660       3       sun.util.calendar.CalendarDate::setSeconds (20 bytes)
Event: 16.257 Thread 0x00007fac6c03b800 nmethod 3660 0x0000000111c16190 code [0x0000000111c16300, 0x0000000111c16490]
Event: 16.257 Thread 0x00007fac6c03b800 3661       3       sun.util.calendar.CalendarDate::setMillis (20 bytes)
Event: 16.257 Thread 0x00007fac6c03b800 nmethod 3661 0x0000000111c19250 code [0x0000000111c193c0, 0x0000000111c19550]

GC Heap History (10 events):
Event: 6.217 GC heap before
{Heap before GC invocations=3 (full 0):
 PSYoungGen      total 38400K, used 38378K [0x0000000795580000, 0x0000000798000000, 0x00000007c0000000)
  eden space 33280K, 100% used [0x0000000795580000,0x0000000797600000,0x0000000797600000)
  from space 5120K, 99% used [0x0000000797b00000,0x0000000797ffa940,0x0000000798000000)
  to   space 5120K, 0% used [0x0000000797600000,0x0000000797600000,0x0000000797b00000)
 ParOldGen       total 87552K, used 1554K [0x0000000740000000, 0x0000000745580000, 0x0000000795580000)
  object space 87552K, 1% used [0x0000000740000000,0x0000000740184a10,0x0000000745580000)
 Metaspace       used 15372K, capacity 15538K, committed 15616K, reserved 1062912K
  class space    used 1875K, capacity 1970K, committed 2048K, reserved 1048576K
Event: 6.225 GC heap after
Heap after GC invocations=3 (full 0):
 PSYoungGen      total 38400K, used 5110K [0x0000000795580000, 0x0000000798000000, 0x00000007c0000000)
  eden space 33280K, 0% used [0x0000000795580000,0x0000000795580000,0x0000000797600000)
  from space 5120K, 99% used [0x0000000797600000,0x0000000797afd850,0x0000000797b00000)
  to   space 5120K, 0% used [0x0000000797b00000,0x0000000797b00000,0x0000000798000000)
 ParOldGen       total 87552K, used 3725K [0x0000000740000000, 0x0000000745580000, 0x0000000795580000)
  object space 87552K, 4% used [0x0000000740000000,0x00000007403a3708,0x0000000745580000)
 Metaspace       used 15372K, capacity 15538K, committed 15616K, reserved 1062912K
  class space    used 1875K, capacity 1970K, committed 2048K, reserved 1048576K
}
Event: 8.726 GC heap before
{Heap before GC invocations=4 (full 0):
 PSYoungGen      total 38400K, used 38390K [0x0000000795580000, 0x0000000798000000, 0x00000007c0000000)
  eden space 33280K, 100% used [0x0000000795580000,0x0000000797600000,0x0000000797600000)
  from space 5120K, 99% used [0x0000000797600000,0x0000000797afd850,0x0000000797b00000)
  to   space 5120K, 0% used [0x0000000797b00000,0x0000000797b00000,0x0000000798000000)
 ParOldGen       total 87552K, used 3725K [0x0000000740000000, 0x0000000745580000, 0x0000000795580000)
  object space 87552K, 4% used [0x0000000740000000,0x00000007403a3708,0x0000000745580000)
 Metaspace       used 15944K, capacity 16188K, committed 16384K, reserved 1062912K
  class space    used 1908K, capacity 2009K, committed 2048K, reserved 1048576K
Event: 8.744 GC heap after
Heap after GC invocations=4 (full 0):
 PSYoungGen      total 38400K, used 5088K [0x0000000795580000, 0x0000000798000000, 0x00000007c0000000)
  eden space 33280K, 0% used [0x0000000795580000,0x0000000795580000,0x0000000797600000)
  from space 5120K, 99% used [0x0000000797b00000,0x0000000797ff8020,0x0000000798000000)
  to   space 5120K, 0% used [0x0000000797600000,0x0000000797600000,0x0000000797b00000)
 ParOldGen       total 87552K, used 5534K [0x0000000740000000, 0x0000000745580000, 0x0000000795580000)
  object space 87552K, 6% used [0x0000000740000000,0x0000000740567838,0x0000000745580000)
 Metaspace       used 15944K, capacity 16188K, committed 16384K, reserved 1062912K
  class space    used 1908K, capacity 2009K, committed 2048K, reserved 1048576K
}
Event: 11.079 GC heap before
{Heap before GC invocations=5 (full 0):
 PSYoungGen      total 38400K, used 38368K [0x0000000795580000, 0x0000000798000000, 0x00000007c0000000)
  eden space 33280K, 100% used [0x0000000795580000,0x0000000797600000,0x0000000797600000)
  from space 5120K, 99% used [0x0000000797b00000,0x0000000797ff8020,0x0000000798000000)
  to   space 5120K, 0% used [0x0000000797600000,0x0000000797600000,0x0000000797b00000)
 ParOldGen       total 87552K, used 5534K [0x0000000740000000, 0x0000000745580000, 0x0000000795580000)
  object space 87552K, 6% used [0x0000000740000000,0x0000000740567838,0x0000000745580000)
 Metaspace       used 16786K, capacity 17120K, committed 17280K, reserved 1064960K
  class space    used 1985K, capacity 2083K, committed 2176K, reserved 1048576K
Event: 11.098 GC heap after
Heap after GC invocations=5 (full 0):
 PSYoungGen      total 37888K, used 5088K [0x0000000795580000, 0x0000000798680000, 0x00000007c0000000)
  eden space 32768K, 0% used [0x0000000795580000,0x0000000795580000,0x0000000797580000)
  from space 5120K, 99% used [0x0000000797600000,0x0000000797af8020,0x0000000797b00000)
  to   space 8704K, 0% used [0x0000000797e00000,0x0000000797e00000,0x0000000798680000)
 ParOldGen       total 87552K, used 7852K [0x0000000740000000, 0x0000000745580000, 0x0000000795580000)
  object space 87552K, 8% used [0x0000000740000000,0x00000007407ab370,0x0000000745580000)
 Metaspace       used 16786K, capacity 17120K, committed 17280K, reserved 1064960K
  class space    used 1985K, capacity 2083K, committed 2176K, reserved 1048576K
}
Event: 13.255 GC heap before
{Heap before GC invocations=6 (full 0):
 PSYoungGen      total 37888K, used 37856K [0x0000000795580000, 0x0000000798680000, 0x00000007c0000000)
  eden space 32768K, 100% used [0x0000000795580000,0x0000000797580000,0x0000000797580000)
  from space 5120K, 99% used [0x0000000797600000,0x0000000797af8020,0x0000000797b00000)
  to   space 8704K, 0% used [0x0000000797e00000,0x0000000797e00000,0x0000000798680000)
 ParOldGen       total 87552K, used 7852K [0x0000000740000000, 0x0000000745580000, 0x0000000795580000)
  object space 87552K, 8% used [0x0000000740000000,0x00000007407ab370,0x0000000745580000)
 Metaspace       used 17496K, capacity 17968K, committed 18048K, reserved 1064960K
  class space    used 2027K, capacity 2155K, committed 2176K, reserved 1048576K
Event: 13.276 GC heap after
Heap after GC invocations=6 (full 0):
 PSYoungGen      total 40448K, used 6931K [0x0000000795580000, 0x0000000798600000, 0x00000007c0000000)
  eden space 32256K, 0% used [0x0000000795580000,0x0000000795580000,0x0000000797500000)
  from space 8192K, 84% used [0x0000000797e00000,0x00000007984c4f60,0x0000000798600000)
  to   space 8704K, 0% used [0x0000000797500000,0x0000000797500000,0x0000000797d80000)
 ParOldGen       total 87552K, used 7860K [0x0000000740000000, 0x0000000745580000, 0x0000000795580000)
  object space 87552K, 8% used [0x0000000740000000,0x00000007407ad370,0x0000000745580000)
 Metaspace       used 17496K, capacity 17968K, committed 18048K, reserved 1064960K
  class space    used 2027K, capacity 2155K, committed 2176K, reserved 1048576K
}
Event: 15.703 GC heap before
{Heap before GC invocations=7 (full 0):
 PSYoungGen      total 40448K, used 39187K [0x0000000795580000, 0x0000000798600000, 0x00000007c0000000)
  eden space 32256K, 100% used [0x0000000795580000,0x0000000797500000,0x0000000797500000)
  from space 8192K, 84% used [0x0000000797e00000,0x00000007984c4f60,0x0000000798600000)
  to   space 8704K, 0% used [0x0000000797500000,0x0000000797500000,0x0000000797d80000)
 ParOldGen       total 87552K, used 7860K [0x0000000740000000, 0x0000000745580000, 0x0000000795580000)
  object space 87552K, 8% used [0x0000000740000000,0x00000007407ad370,0x0000000745580000)
 Metaspace       used 18895K, capacity 19440K, committed 19584K, reserved 1067008K
  class space    used 2188K, capacity 2337K, committed 2432K, reserved 1048576K
Event: 15.728 GC heap after
Heap after GC invocations=7 (full 0):
 PSYoungGen      total 38912K, used 6720K [0x0000000795580000, 0x0000000798480000, 0x00000007c0000000)
  eden space 31744K, 0% used [0x0000000795580000,0x0000000795580000,0x0000000797480000)
  from space 7168K, 93% used [0x0000000797500000,0x0000000797b90298,0x0000000797c00000)
  to   space 8192K, 0% used [0x0000000797c80000,0x0000000797c80000,0x0000000798480000)
 ParOldGen       total 87552K, used 9941K [0x0000000740000000, 0x0000000745580000, 0x0000000795580000)
  object space 87552K, 11% used [0x0000000740000000,0x00000007409b5400,0x0000000745580000)
 Metaspace       used 18895K, capacity 19440K, committed 19584K, reserved 1067008K
  class space    used 2188K, capacity 2337K, committed 2432K, reserved 1048576K
}

Deoptimization events (10 events):
Event: 15.971 Thread 0x00007fac6a808800 Uncommon trap: reason=class_check action=maybe_recompile pc=0x000000011181e998 method=java.util.regex.Pattern$Branch.match(Ljava/util/regex/Matcher;ILjava/lang/CharSequence;)Z @ 50
Event: 15.972 Thread 0x00007fac6a808800 Uncommon trap: reason=class_check action=maybe_recompile pc=0x000000011181e998 method=java.util.regex.Pattern$Branch.match(Ljava/util/regex/Matcher;ILjava/lang/CharSequence;)Z @ 50
Event: 15.972 Thread 0x00007fac6a808800 Uncommon trap: reason=class_check action=maybe_recompile pc=0x000000011181e998 method=java.util.regex.Pattern$Branch.match(Ljava/util/regex/Matcher;ILjava/lang/CharSequence;)Z @ 50
Event: 15.973 Thread 0x00007fac6a808800 Uncommon trap: reason=unstable_if action=reinterpret pc=0x0000000111381aa0 method=java.lang.CharacterDataLatin1.isWhitespace(I)Z @ 14
Event: 16.022 Thread 0x00007fac6a808800 Uncommon trap: reason=class_check action=maybe_recompile pc=0x00000001117ed23c method=java.util.Hashtable.get(Ljava/lang/Object;)Ljava/lang/Object; @ 6
Event: 16.036 Thread 0x00007fac6a808800 Uncommon trap: reason=class_check action=maybe_recompile pc=0x00000001117ed23c method=java.util.Hashtable.get(Ljava/lang/Object;)Ljava/lang/Object; @ 6
Event: 16.037 Thread 0x00007fac6a808800 Uncommon trap: reason=class_check action=maybe_recompile pc=0x00000001117ed23c method=java.util.Hashtable.get(Ljava/lang/Object;)Ljava/lang/Object; @ 6
Event: 16.073 Thread 0x00007fac6a808800 Uncommon trap: reason=bimorphic action=maybe_recompile pc=0x000000011196b05c method=java.util.regex.Matcher.match(II)Z @ 86
Event: 16.081 Thread 0x00007fac6a808800 Uncommon trap: reason=bimorphic action=maybe_recompile pc=0x000000011196b05c method=java.util.regex.Matcher.match(II)Z @ 86
Event: 16.081 Thread 0x00007fac6a808800 Uncommon trap: reason=bimorphic action=maybe_recompile pc=0x000000011196b05c method=java.util.regex.Matcher.match(II)Z @ 86

Internal exceptions (10 events):
Event: 5.291 Thread 0x00007fac6a808800 Exception <a 'java/lang/NullPointerException'> (0x0000000796c2ae20) thrown at [/Users/java_re/workspace/8-2-build-macosx-x86_64/jdk8u121/8372/hotspot/src/share/vm/interpreter/linkResolver.cpp, line 1178]
Event: 5.291 Thread 0x00007fac6a808800 Exception <a 'java/lang/NullPointerException'> (0x0000000796c2b038) thrown at [/Users/java_re/workspace/8-2-build-macosx-x86_64/jdk8u121/8372/hotspot/src/share/vm/interpreter/linkResolver.cpp, line 1178]
Event: 5.308 Thread 0x00007fac6a808800 Exception <a 'java/lang/NullPointerException'> (0x0000000796c34ac8) thrown at [/Users/java_re/workspace/8-2-build-macosx-x86_64/jdk8u121/8372/hotspot/src/share/vm/interpreter/linkResolver.cpp, line 1178]
Event: 5.308 Thread 0x00007fac6a808800 Exception <a 'java/lang/NullPointerException'> (0x0000000796c34ce0) thrown at [/Users/java_re/workspace/8-2-build-macosx-x86_64/jdk8u121/8372/hotspot/src/share/vm/interpreter/linkResolver.cpp, line 1178]
Event: 5.308 Thread 0x00007fac6a808800 Exception <a 'java/lang/NullPointerException'> (0x0000000796c34ef8) thrown at [/Users/java_re/workspace/8-2-build-macosx-x86_64/jdk8u121/8372/hotspot/src/share/vm/interpreter/linkResolver.cpp, line 1178]
Event: 6.475 Thread 0x00007fac6a808800 Implicit null exception at 0x0000000111624431 to 0x0000000111624d71
Event: 7.911 Thread 0x00007fac6a808800 Implicit null exception at 0x000000011139f975 to 0x000000011139fb85
Event: 13.845 Thread 0x00007fac6a808800 Implicit null exception at 0x000000011185db21 to 0x000000011185dba9
Event: 15.788 Thread 0x00007fac6a808800 Exception <a 'java/lang/NoClassDefFoundError': org/sonatype/aether/graph/Dependency> (0x00000007958193e0) thrown at [/Users/java_re/workspace/8-2-build-macosx-x86_64/jdk8u121/8372/hotspot/src/share/vm/classfile/systemDictionary.cpp, line 199]
Event: 16.255 Thread 0x00007fac6a808800 Exception <a 'java/util/zip/ZipException'> (0x00000007961737c8) thrown at [/Users/java_re/workspace/8-2-build-macosx-x86_64/jdk8u121/8372/hotspot/src/share/vm/prims/jni.cpp, line 709]

Events (10 events):
Event: 16.086 loading class com/google/common/collect/ImmutableCollection
Event: 16.086 loading class com/google/common/collect/ImmutableCollection done
Event: 16.086 loading class com/google/common/collect/ImmutableCollection
Event: 16.086 loading class com/google/common/collect/ImmutableCollection done
Event: 16.087 loading class com/google/common/collect/ImmutableEnumSet
Event: 16.087 loading class com/google/common/collect/ImmutableEnumSet done
Event: 16.087 loading class com/google/common/collect/ImmutableEnumSet
Event: 16.087 loading class com/google/common/collect/ImmutableEnumSet done
Event: 16.255 loading class java/util/zip/DataFormatException
Event: 16.255 loading class java/util/zip/DataFormatException done


Dynamic libraries:
0x000000000c309000 	/System/Library/Frameworks/Cocoa.framework/Versions/A/Cocoa
0x000000000c309000 	/System/Library/Frameworks/Security.framework/Versions/A/Security
0x000000000c309000 	/System/Library/Frameworks/ApplicationServices.framework/Versions/A/ApplicationServices
0x000000000c309000 	/usr/lib/libz.1.dylib
0x000000000c309000 	/usr/lib/libSystem.B.dylib
0x000000000c309000 	/usr/lib/libobjc.A.dylib
0x000000000c309000 	/System/Library/Frameworks/CoreFoundation.framework/Versions/A/CoreFoundation
0x000000000c309000 	/System/Library/Frameworks/Foundation.framework/Versions/C/Foundation
0x000000000c309000 	/System/Library/Frameworks/AppKit.framework/Versions/C/AppKit
0x000000000c309000 	/System/Library/Frameworks/CoreData.framework/Versions/A/CoreData
0x000000000c309000 	/System/Library/PrivateFrameworks/UIFoundation.framework/Versions/A/UIFoundation
0x000000000c309000 	/System/Library/PrivateFrameworks/RemoteViewServices.framework/Versions/A/RemoteViewServices
0x000000000c309000 	/System/Library/PrivateFrameworks/XCTTargetBootstrap.framework/Versions/A/XCTTargetBootstrap
0x000000000c309000 	/System/Library/Frameworks/CoreDisplay.framework/Versions/A/CoreDisplay
0x000000000c309000 	/System/Library/Frameworks/Metal.framework/Versions/A/Metal
0x000000000c309000 	/System/Library/PrivateFrameworks/DesktopServicesPriv.framework/Versions/A/DesktopServicesPriv
0x000000000c309000 	/usr/lib/liblangid.dylib
0x000000000c309000 	/System/Library/PrivateFrameworks/CoreSVG.framework/Versions/A/CoreSVG
0x000000000c309000 	/System/Library/PrivateFrameworks/SkyLight.framework/Versions/A/SkyLight
0x000000000c309000 	/System/Library/Frameworks/CoreGraphics.framework/Versions/A/CoreGraphics
0x000000000c309000 	/System/Library/Frameworks/Accelerate.framework/Versions/A/Accelerate
0x000000000c309000 	/usr/lib/libxml2.2.dylib
0x000000000c309000 	/System/Library/PrivateFrameworks/IconServices.framework/Versions/A/IconServices
0x000000000c309000 	/System/Library/Frameworks/IOSurface.framework/Versions/A/IOSurface
0x000000000c309000 	/usr/lib/libDiagnosticMessagesClient.dylib
0x000000000c309000 	/System/Library/PrivateFrameworks/DFRFoundation.framework/Versions/A/DFRFoundation
0x000000000c309000 	/usr/lib/libicucore.A.dylib
0x000000000c309000 	/System/Library/Frameworks/AudioToolbox.framework/Versions/A/AudioToolbox
0x000000000c309000 	/System/Library/Frameworks/AudioUnit.framework/Versions/A/AudioUnit
0x000000000c309000 	/usr/lib/libauto.dylib
0x000000000c309000 	/System/Library/PrivateFrameworks/DataDetectorsCore.framework/Versions/A/DataDetectorsCore
0x000000000c309000 	/System/Library/Frameworks/Carbon.framework/Versions/A/Frameworks/HIToolbox.framework/Versions/A/HIToolbox
0x000000000c309000 	/System/Library/Frameworks/QuartzCore.framework/Versions/A/QuartzCore
0x000000000c309000 	/System/Library/Frameworks/Carbon.framework/Versions/A/Frameworks/SpeechRecognition.framework/Versions/A/SpeechRecognition
0x000000000c309000 	/System/Library/PrivateFrameworks/CoreUI.framework/Versions/A/CoreUI
0x000000000c309000 	/System/Library/Frameworks/CoreAudio.framework/Versions/A/CoreAudio
0x000000000c309000 	/System/Library/Frameworks/DiskArbitration.framework/Versions/A/DiskArbitration
0x000000000c309000 	/System/Library/PrivateFrameworks/MultitouchSupport.framework/Versions/A/MultitouchSupport
0x000000000c309000 	/usr/lib/libenergytrace.dylib
0x000000000c309000 	/System/Library/Frameworks/IOKit.framework/Versions/A/IOKit
0x000000000c309000 	/System/Library/Frameworks/CoreServices.framework/Versions/A/CoreServices
0x000000000c309000 	/System/Library/PrivateFrameworks/PerformanceAnalysis.framework/Versions/A/PerformanceAnalysis
0x000000000c309000 	/System/Library/Frameworks/OpenGL.framework/Versions/A/OpenGL
0x000000000c309000 	/System/Library/Frameworks/ColorSync.framework/Versions/A/ColorSync
0x000000000c309000 	/System/Library/Frameworks/CoreImage.framework/Versions/A/CoreImage
0x000000000c309000 	/System/Library/Frameworks/CoreText.framework/Versions/A/CoreText
0x000000000c309000 	/System/Library/Frameworks/ImageIO.framework/Versions/A/ImageIO
0x000000000c309000 	/usr/lib/libc++.1.dylib
0x000000000c309000 	/usr/lib/libcompression.dylib
0x000000000c309000 	/usr/lib/libMobileGestalt.dylib
0x000000000c309000 	/System/Library/PrivateFrameworks/TextureIO.framework/Versions/A/TextureIO
0x000000000c309000 	/usr/lib/libate.dylib
0x000000000c309000 	/System/Library/PrivateFrameworks/InternationalSupport.framework/Versions/A/InternationalSupport
0x000000000c309000 	/usr/lib/system/libcache.dylib
0x000000000c309000 	/usr/lib/system/libcommonCrypto.dylib
0x000000000c309000 	/usr/lib/system/libcompiler_rt.dylib
0x000000000c309000 	/usr/lib/system/libcopyfile.dylib
0x000000000c309000 	/usr/lib/system/libcorecrypto.dylib
0x000000000c309000 	/usr/lib/system/libdispatch.dylib
0x000000000c309000 	/usr/lib/system/libdyld.dylib
0x000000000c309000 	/usr/lib/system/libkeymgr.dylib
0x000000000c309000 	/usr/lib/system/liblaunch.dylib
0x000000000c309000 	/usr/lib/system/libmacho.dylib
0x000000000c309000 	/usr/lib/system/libquarantine.dylib
0x000000000c309000 	/usr/lib/system/libremovefile.dylib
0x000000000c309000 	/usr/lib/system/libsystem_asl.dylib
0x000000000c309000 	/usr/lib/system/libsystem_blocks.dylib
0x000000000c309000 	/usr/lib/system/libsystem_c.dylib
0x000000000c309000 	/usr/lib/system/libsystem_configuration.dylib
0x000000000c309000 	/usr/lib/system/libsystem_coreservices.dylib
0x000000000c309000 	/usr/lib/system/libsystem_darwin.dylib
0x000000000c309000 	/usr/lib/system/libsystem_dnssd.dylib
0x000000000c309000 	/usr/lib/system/libsystem_featureflags.dylib
0x000000000c309000 	/usr/lib/system/libsystem_info.dylib
0x000000000c309000 	/usr/lib/system/libsystem_m.dylib
0x000000000c309000 	/usr/lib/system/libsystem_malloc.dylib
0x000000000c309000 	/usr/lib/system/libsystem_networkextension.dylib
0x000000000c309000 	/usr/lib/system/libsystem_notify.dylib
0x000000000c309000 	/usr/lib/system/libsystem_sandbox.dylib
0x000000000c309000 	/usr/lib/system/libsystem_secinit.dylib
0x000000000c309000 	/usr/lib/system/libsystem_kernel.dylib
0x000000000c309000 	/usr/lib/system/libsystem_platform.dylib
0x000000000c309000 	/usr/lib/system/libsystem_pthread.dylib
0x000000000c309000 	/usr/lib/system/libsystem_symptoms.dylib
0x000000000c309000 	/usr/lib/system/libsystem_trace.dylib
0x000000000c309000 	/usr/lib/system/libunwind.dylib
0x000000000c309000 	/usr/lib/system/libxpc.dylib
0x000000000c309000 	/usr/lib/libc++abi.dylib
0x000000000c309000 	/usr/lib/liblzma.5.dylib
0x000000000c309000 	/usr/lib/libfakelink.dylib
0x000000000c309000 	/usr/lib/libarchive.2.dylib
0x000000000c309000 	/System/Library/Frameworks/SystemConfiguration.framework/Versions/A/SystemConfiguration
0x000000000c309000 	/usr/lib/libCRFSuite.dylib
0x000000000c309000 	/System/Library/Frameworks/CFNetwork.framework/Versions/A/CFNetwork
0x000000000c309000 	/usr/lib/libbsm.0.dylib
0x000000000c309000 	/usr/lib/system/libkxld.dylib
0x000000000c309000 	/System/Library/PrivateFrameworks/AppleFSCompression.framework/Versions/A/AppleFSCompression
0x000000000c309000 	/usr/lib/libcoretls.dylib
0x000000000c309000 	/usr/lib/libcoretls_cfhelpers.dylib
0x000000000c309000 	/usr/lib/libpam.2.dylib
0x000000000c309000 	/usr/lib/libsqlite3.dylib
0x000000000c309000 	/usr/lib/libxar.1.dylib
0x000000000c309000 	/usr/lib/libbz2.1.0.dylib
0x000000000c309000 	/usr/lib/libiconv.2.dylib
0x000000000c309000 	/usr/lib/libcharset.1.dylib
0x000000000c309000 	/usr/lib/libnetwork.dylib
0x000000000c309000 	/usr/lib/libpcap.A.dylib
0x000000000c309000 	/usr/lib/libapple_nghttp2.dylib
0x000000000c309000 	/System/Library/Frameworks/CoreServices.framework/Versions/A/Frameworks/FSEvents.framework/Versions/A/FSEvents
0x000000000c309000 	/System/Library/Frameworks/CoreServices.framework/Versions/A/Frameworks/CarbonCore.framework/Versions/A/CarbonCore
0x000000000c309000 	/System/Library/Frameworks/CoreServices.framework/Versions/A/Frameworks/Metadata.framework/Versions/A/Metadata
0x000000000c309000 	/System/Library/Frameworks/CoreServices.framework/Versions/A/Frameworks/OSServices.framework/Versions/A/OSServices
0x000000000c309000 	/System/Library/Frameworks/CoreServices.framework/Versions/A/Frameworks/SearchKit.framework/Versions/A/SearchKit
0x000000000c309000 	/System/Library/Frameworks/CoreServices.framework/Versions/A/Frameworks/AE.framework/Versions/A/AE
0x000000000c309000 	/System/Library/Frameworks/CoreServices.framework/Versions/A/Frameworks/LaunchServices.framework/Versions/A/LaunchServices
0x000000000c309000 	/System/Library/Frameworks/CoreServices.framework/Versions/A/Frameworks/DictionaryServices.framework/Versions/A/DictionaryServices
0x000000000c309000 	/System/Library/Frameworks/CoreServices.framework/Versions/A/Frameworks/SharedFileList.framework/Versions/A/SharedFileList
0x000000000c309000 	/System/Library/Frameworks/NetFS.framework/Versions/A/NetFS
0x000000000c309000 	/System/Library/PrivateFrameworks/NetAuth.framework/Versions/A/NetAuth
0x000000000c309000 	/System/Library/PrivateFrameworks/login.framework/Versions/A/Frameworks/loginsupport.framework/Versions/A/loginsupport
0x000000000c309000 	/System/Library/PrivateFrameworks/TCC.framework/Versions/A/TCC
0x000000000c309000 	/System/Library/PrivateFrameworks/CoreNLP.framework/Versions/A/CoreNLP
0x000000000c309000 	/System/Library/PrivateFrameworks/MetadataUtilities.framework/Versions/A/MetadataUtilities
0x000000000c309000 	/usr/lib/libmecabra.dylib
0x000000000c309000 	/usr/lib/libmecab.dylib
0x000000000c309000 	/usr/lib/libgermantok.dylib
0x000000000c309000 	/usr/lib/libThaiTokenizer.dylib
0x000000000c309000 	/usr/lib/libChineseTokenizer.dylib
0x000000000c309000 	/System/Library/Frameworks/Accelerate.framework/Versions/A/Frameworks/vImage.framework/Versions/A/vImage
0x000000000c309000 	/System/Library/Frameworks/Accelerate.framework/Versions/A/Frameworks/vecLib.framework/Versions/A/vecLib
0x000000000c309000 	/System/Library/Frameworks/Accelerate.framework/Versions/A/Frameworks/vecLib.framework/Versions/A/libvMisc.dylib
0x000000000c309000 	/System/Library/Frameworks/Accelerate.framework/Versions/A/Frameworks/vecLib.framework/Versions/A/libvDSP.dylib
0x000000000c309000 	/System/Library/Frameworks/Accelerate.framework/Versions/A/Frameworks/vecLib.framework/Versions/A/libBLAS.dylib
0x000000000c309000 	/System/Library/Frameworks/Accelerate.framework/Versions/A/Frameworks/vecLib.framework/Versions/A/libLAPACK.dylib
0x000000000c309000 	/System/Library/Frameworks/Accelerate.framework/Versions/A/Frameworks/vecLib.framework/Versions/A/libLinearAlgebra.dylib
0x000000000c309000 	/System/Library/Frameworks/Accelerate.framework/Versions/A/Frameworks/vecLib.framework/Versions/A/libSparseBLAS.dylib
0x000000000c309000 	/System/Library/Frameworks/Accelerate.framework/Versions/A/Frameworks/vecLib.framework/Versions/A/libQuadrature.dylib
0x000000000c309000 	/System/Library/Frameworks/Accelerate.framework/Versions/A/Frameworks/vecLib.framework/Versions/A/libBNNS.dylib
0x000000000c309000 	/System/Library/Frameworks/Accelerate.framework/Versions/A/Frameworks/vecLib.framework/Versions/A/libSparse.dylib
0x000000000c309000 	/System/Library/PrivateFrameworks/LanguageModeling.framework/Versions/A/LanguageModeling
0x000000000c309000 	/System/Library/PrivateFrameworks/CoreEmoji.framework/Versions/A/CoreEmoji
0x000000000c309000 	/System/Library/PrivateFrameworks/LinguisticData.framework/Versions/A/LinguisticData
0x000000000c309000 	/System/Library/PrivateFrameworks/Lexicon.framework/Versions/A/Lexicon
0x000000000c309000 	/usr/lib/libcmph.dylib
0x000000000c309000 	/System/Library/Frameworks/OpenDirectory.framework/Versions/A/Frameworks/CFOpenDirectory.framework/Versions/A/CFOpenDirectory
0x000000000c309000 	/System/Library/Frameworks/OpenDirectory.framework/Versions/A/OpenDirectory
0x000000000c309000 	/System/Library/PrivateFrameworks/APFS.framework/Versions/A/APFS
0x000000000c309000 	/System/Library/Frameworks/SecurityFoundation.framework/Versions/A/SecurityFoundation
0x000000000c309000 	/usr/lib/libutil.dylib
0x000000000c309000 	/System/Library/PrivateFrameworks/CoreServicesStore.framework/Versions/A/CoreServicesStore
0x000000000c309000 	/System/Library/Frameworks/ServiceManagement.framework/Versions/A/ServiceManagement
0x000000000c309000 	/System/Library/PrivateFrameworks/BackgroundTaskManagement.framework/Versions/A/BackgroundTaskManagement
0x000000000c309000 	/usr/lib/libxslt.1.dylib
0x000000000c309000 	/System/Library/PrivateFrameworks/AppleSystemInfo.framework/Versions/A/AppleSystemInfo
0x000000000c309000 	/System/Library/Frameworks/ImageIO.framework/Versions/A/Resources/libJPEG.dylib
0x000000000c309000 	/System/Library/Frameworks/ImageIO.framework/Versions/A/Resources/libTIFF.dylib
0x000000000c309000 	/System/Library/Frameworks/ImageIO.framework/Versions/A/Resources/libPng.dylib
0x000000000c309000 	/System/Library/Frameworks/ImageIO.framework/Versions/A/Resources/libGIF.dylib
0x000000000c309000 	/System/Library/Frameworks/ImageIO.framework/Versions/A/Resources/libJP2.dylib
0x000000000c309000 	/System/Library/Frameworks/ImageIO.framework/Versions/A/Resources/libRadiance.dylib
0x000000000c309000 	/usr/lib/libexpat.1.dylib
0x000000000c309000 	/System/Library/PrivateFrameworks/AppleJPEG.framework/Versions/A/AppleJPEG
0x000000000c309000 	/System/Library/PrivateFrameworks/FontServices.framework/libFontParser.dylib
0x000000000c309000 	/System/Library/PrivateFrameworks/WatchdogClient.framework/Versions/A/WatchdogClient
0x000000000c309000 	/System/Library/PrivateFrameworks/IOAccelerator.framework/Versions/A/IOAccelerator
0x000000000c309000 	/System/Library/Frameworks/MetalPerformanceShaders.framework/Versions/A/MetalPerformanceShaders
0x000000000c309000 	/System/Library/PrivateFrameworks/GPUWrangler.framework/Versions/A/GPUWrangler
0x000000000c309000 	/System/Library/PrivateFrameworks/IOPresentment.framework/Versions/A/IOPresentment
0x000000000c309000 	/System/Library/PrivateFrameworks/DSExternalDisplay.framework/Versions/A/DSExternalDisplay
0x000000000c309000 	/System/Library/Frameworks/OpenGL.framework/Versions/A/Libraries/libCoreFSCache.dylib
0x000000000c309000 	/System/Library/Frameworks/MetalPerformanceShaders.framework/Frameworks/MPSCore.framework/Versions/A/MPSCore
0x000000000c309000 	/System/Library/Frameworks/MetalPerformanceShaders.framework/Frameworks/MPSImage.framework/Versions/A/MPSImage
0x000000000c309000 	/System/Library/Frameworks/MetalPerformanceShaders.framework/Frameworks/MPSNeuralNetwork.framework/Versions/A/MPSNeuralNetwork
0x000000000c309000 	/System/Library/Frameworks/MetalPerformanceShaders.framework/Frameworks/MPSMatrix.framework/Versions/A/MPSMatrix
0x000000000c309000 	/System/Library/Frameworks/MetalPerformanceShaders.framework/Frameworks/MPSRayIntersector.framework/Versions/A/MPSRayIntersector
0x000000000c309000 	/System/Library/Frameworks/MetalPerformanceShaders.framework/Frameworks/MPSNDArray.framework/Versions/A/MPSNDArray
0x000000000c309000 	/System/Library/PrivateFrameworks/MetalTools.framework/Versions/A/MetalTools
0x000000000c309000 	/System/Library/PrivateFrameworks/AggregateDictionary.framework/Versions/A/AggregateDictionary
0x000000000c309000 	/System/Library/PrivateFrameworks/CoreAnalytics.framework/Versions/A/CoreAnalytics
0x000000000c309000 	/System/Library/PrivateFrameworks/AppleSauce.framework/Versions/A/AppleSauce
0x000000000c309000 	/usr/lib/libIOReport.dylib
0x000000000c309000 	/System/Library/Frameworks/CoreVideo.framework/Versions/A/CoreVideo
0x000000000c309000 	/System/Library/PrivateFrameworks/GraphVisualizer.framework/Versions/A/GraphVisualizer
0x000000000c309000 	/System/Library/PrivateFrameworks/FaceCore.framework/Versions/A/FaceCore
0x000000000c309000 	/System/Library/Frameworks/OpenCL.framework/Versions/A/OpenCL
0x000000000c309000 	/usr/lib/libFosl_dynamic.dylib
0x000000000c309000 	/System/Library/PrivateFrameworks/OTSVG.framework/Versions/A/OTSVG
0x000000000c309000 	/System/Library/Frameworks/ApplicationServices.framework/Versions/A/Frameworks/ATS.framework/Versions/A/Resources/libFontRegistry.dylib
0x000000000c309000 	/System/Library/PrivateFrameworks/FontServices.framework/libhvf.dylib
0x000000000c309000 	/System/Library/Frameworks/OpenGL.framework/Versions/A/Libraries/libGFXShared.dylib
0x000000000c309000 	/System/Library/Frameworks/OpenGL.framework/Versions/A/Libraries/libGLU.dylib
0x000000000c309000 	/System/Library/Frameworks/OpenGL.framework/Versions/A/Libraries/libGL.dylib
0x000000000c309000 	/System/Library/Frameworks/OpenGL.framework/Versions/A/Libraries/libGLImage.dylib
0x000000000c309000 	/System/Library/Frameworks/OpenGL.framework/Versions/A/Libraries/libCVMSPluginSupport.dylib
0x000000000c309000 	/System/Library/Frameworks/OpenGL.framework/Versions/A/Libraries/libCoreVMClient.dylib
0x000000000c309000 	/usr/lib/libncurses.5.4.dylib
0x000000000c309000 	/System/Library/Frameworks/ApplicationServices.framework/Versions/A/Frameworks/ATS.framework/Versions/A/ATS
0x000000000c309000 	/System/Library/Frameworks/ApplicationServices.framework/Versions/A/Frameworks/ColorSyncLegacy.framework/Versions/A/ColorSyncLegacy
0x000000000c309000 	/System/Library/Frameworks/ApplicationServices.framework/Versions/A/Frameworks/HIServices.framework/Versions/A/HIServices
0x000000000c309000 	/System/Library/Frameworks/ApplicationServices.framework/Versions/A/Frameworks/LangAnalysis.framework/Versions/A/LangAnalysis
0x000000000c309000 	/System/Library/Frameworks/ApplicationServices.framework/Versions/A/Frameworks/PrintCore.framework/Versions/A/PrintCore
0x000000000c309000 	/System/Library/Frameworks/ApplicationServices.framework/Versions/A/Frameworks/QD.framework/Versions/A/QD
0x000000000c309000 	/System/Library/Frameworks/ApplicationServices.framework/Versions/A/Frameworks/SpeechSynthesis.framework/Versions/A/SpeechSynthesis
0x000000000c309000 	/System/Library/Frameworks/ApplicationServices.framework/Versions/A/Frameworks/ATSUI.framework/Versions/A/ATSUI
0x000000000c309000 	/usr/lib/libcups.2.dylib
0x000000000c309000 	/System/Library/Frameworks/Kerberos.framework/Versions/A/Kerberos
0x000000000c309000 	/System/Library/Frameworks/GSS.framework/Versions/A/GSS
0x000000000c309000 	/usr/lib/libresolv.9.dylib
0x000000000c309000 	/System/Library/PrivateFrameworks/Heimdal.framework/Versions/A/Heimdal
0x000000000c309000 	/System/Library/Frameworks/Kerberos.framework/Versions/A/Libraries/libHeimdalProxy.dylib
0x000000000c309000 	/usr/lib/libheimdal-asn1.dylib
0x000000000c309000 	/System/Library/PrivateFrameworks/CommonAuth.framework/Versions/A/CommonAuth
0x000000000c309000 	/System/Library/PrivateFrameworks/AssertionServices.framework/Versions/A/AssertionServices
0x000000000c309000 	/System/Library/PrivateFrameworks/AudioToolboxCore.framework/Versions/A/AudioToolboxCore
0x000000000c309000 	/System/Library/PrivateFrameworks/caulk.framework/Versions/A/caulk
0x000000000c309000 	/System/Library/PrivateFrameworks/BaseBoard.framework/Versions/A/BaseBoard
0x000000000c309000 	/System/Library/PrivateFrameworks/RunningBoardServices.framework/Versions/A/RunningBoardServices
0x000000000c309000 	/System/Library/PrivateFrameworks/PersistentConnection.framework/Versions/A/PersistentConnection
0x000000000c309000 	/System/Library/PrivateFrameworks/ProtocolBuffer.framework/Versions/A/ProtocolBuffer
0x000000000c309000 	/System/Library/PrivateFrameworks/CommonUtilities.framework/Versions/A/CommonUtilities
0x000000000c309000 	/System/Library/PrivateFrameworks/Bom.framework/Versions/A/Bom
0x000000000c309000 	/usr/lib/libAudioToolboxUtility.dylib
0x000000000c309000 	/System/Library/PrivateFrameworks/Backup.framework/Versions/A/Backup
0x000000000c309000 	/System/Library/PrivateFrameworks/CrashReporterSupport.framework/Versions/A/CrashReporterSupport
0x000000000c309000 	/System/Library/PrivateFrameworks/Sharing.framework/Versions/A/Sharing
0x000000000c309000 	/System/Library/PrivateFrameworks/Apple80211.framework/Versions/A/Apple80211
0x000000000c309000 	/System/Library/PrivateFrameworks/AuthKit.framework/Versions/A/AuthKit
0x000000000c309000 	/System/Library/PrivateFrameworks/CoreUtils.framework/Versions/A/CoreUtils
0x000000000c309000 	/System/Library/Frameworks/CoreWLAN.framework/Versions/A/CoreWLAN
0x000000000c309000 	/System/Library/Frameworks/IOBluetooth.framework/Versions/A/IOBluetooth
0x000000000c309000 	/System/Library/PrivateFrameworks/MobileKeyBag.framework/Versions/A/MobileKeyBag
0x000000000c309000 	/System/Library/PrivateFrameworks/CorePhoneNumbers.framework/Versions/A/CorePhoneNumbers
0x000000000c309000 	/System/Library/PrivateFrameworks/AppleIDAuthSupport.framework/Versions/A/AppleIDAuthSupport
0x000000000c309000 	/System/Library/Frameworks/Network.framework/Versions/A/Network
0x000000000c309000 	/System/Library/PrivateFrameworks/KeychainCircle.framework/Versions/A/KeychainCircle
0x000000000c309000 	/System/Library/Frameworks/CoreBluetooth.framework/Versions/A/CoreBluetooth
0x000000000c309000 	/System/Library/PrivateFrameworks/SpeechRecognitionCore.framework/Versions/A/SpeechRecognitionCore
0x0000000102000000 	/Library/Java/JavaVirtualMachines/jdk1.8.0_121.jdk/Contents/Home/jre/lib/server/libjvm.dylib
0x000000000c309000 	/usr/lib/libstdc++.6.dylib
0x0000000100fab000 	/Library/Java/JavaVirtualMachines/jdk1.8.0_121.jdk/Contents/Home/jre/lib/libverify.dylib
0x0000000100fb9000 	/Library/Java/JavaVirtualMachines/jdk1.8.0_121.jdk/Contents/Home/jre/lib/libjava.dylib
0x0000000102fe2000 	/Library/Java/JavaVirtualMachines/jdk1.8.0_121.jdk/Contents/Home/jre/lib/libzip.dylib
0x000000000c309000 	/System/Library/Frameworks/JavaVM.framework/Versions/A/Frameworks/JavaRuntimeSupport.framework/Versions/A/JavaRuntimeSupport
0x000000000c309000 	/System/Library/Frameworks/JavaVM.framework/Versions/A/Frameworks/JavaNativeFoundation.framework/Versions/A/JavaNativeFoundation
0x000000000c309000 	/System/Library/Frameworks/JavaVM.framework/Versions/A/JavaVM
0x000000000c309000 	/System/Library/Frameworks/Carbon.framework/Versions/A/Carbon
0x000000000c309000 	/System/Library/PrivateFrameworks/CoreSymbolication.framework/Versions/A/CoreSymbolication
0x000000000c309000 	/System/Library/PrivateFrameworks/JavaLaunching.framework/Versions/A/JavaLaunching
0x000000000c309000 	/System/Library/Frameworks/Carbon.framework/Versions/A/Frameworks/CommonPanels.framework/Versions/A/CommonPanels
0x000000000c309000 	/System/Library/Frameworks/Carbon.framework/Versions/A/Frameworks/Help.framework/Versions/A/Help
0x000000000c309000 	/System/Library/Frameworks/Carbon.framework/Versions/A/Frameworks/ImageCapture.framework/Versions/A/ImageCapture
0x000000000c309000 	/System/Library/Frameworks/Carbon.framework/Versions/A/Frameworks/OpenScripting.framework/Versions/A/OpenScripting
0x000000000c309000 	/System/Library/Frameworks/Carbon.framework/Versions/A/Frameworks/Ink.framework/Versions/A/Ink
0x000000000c309000 	/System/Library/Frameworks/Carbon.framework/Versions/A/Frameworks/Print.framework/Versions/A/Print
0x000000000c309000 	/System/Library/Frameworks/Carbon.framework/Versions/A/Frameworks/SecurityHI.framework/Versions/A/SecurityHI
0x000000000c309000 	/System/Library/PrivateFrameworks/DebugSymbols.framework/Versions/A/DebugSymbols
0x000000010a48d000 	/Library/Java/JavaVirtualMachines/jdk1.8.0_121.jdk/Contents/Home/jre/lib/libnio.dylib
0x000000010a49d000 	/Library/Java/JavaVirtualMachines/jdk1.8.0_121.jdk/Contents/Home/jre/lib/libnet.dylib
0x000000010a4b4000 	/private/var/folders/78/zcc1zmcx57g_ds7j_5gz8fx00000gn/T/libjansi-1.17.1-2392981079888214327.jnilib

VM Arguments:
jvm_args: -Dmaven.multiModuleProjectDirectory=/Users/simonjohnson/IdeaProjects/mqtt-sn/mqtt-sn-gateway-vertx -Dmaven.home=/Applications/IntelliJ IDEA.app/Contents/plugins/maven/lib/maven3 -Dclassworlds.conf=/Applications/IntelliJ IDEA.app/Contents/plugins/maven/lib/maven3/bin/m2.conf -Dmaven.ext.class.path=/Applications/IntelliJ IDEA.app/Contents/plugins/maven/lib/maven-event-listener.jar -Dfile.encoding=UTF-8 
java_command: org.codehaus.classworlds.Launcher -Didea.version=2020.2.1 install --non-recursive
java_class_path (initial): /Applications/IntelliJ IDEA.app/Contents/plugins/maven/lib/maven3/boot/plexus-classworlds.license:/Applications/IntelliJ IDEA.app/Contents/plugins/maven/lib/maven3/boot/plexus-classworlds-2.6.0.jar
Launcher Type: SUN_STANDARD

Environment Variables:
JAVA_HOME=/Library/Java/JavaVirtualMachines/jdk1.7.0_25.jdk/Contents/Home
PATH=/Users/simonjohnson/Documents/devSoftware/apache-maven-3.1.1/bin:/usr/local/mysql/bin:/Applications/Xcode.app/Contents/Developer/usr/bin/:/usr/local/bin:/usr/bin:/bin:/usr/sbin:/sbin
SHELL=/bin/bash

Signal Handlers:
SIGSEGV: [libjvm.dylib+0x5b1141], sa_mask[0]=11111111011111110111111111111111, sa_flags=SA_ONSTACK|SA_RESTART|SA_SIGINFO
SIGBUS: [libjvm.dylib+0x5b1141], sa_mask[0]=11111111011111110111111111111111, sa_flags=SA_RESTART|SA_SIGINFO
SIGFPE: [libjvm.dylib+0x487bc4], sa_mask[0]=11111111011111110111111111111111, sa_flags=SA_RESTART|SA_SIGINFO
SIGPIPE: [libjvm.dylib+0x487bc4], sa_mask[0]=11111111011111110111111111111111, sa_flags=SA_RESTART|SA_SIGINFO
SIGXFSZ: [libjvm.dylib+0x487bc4], sa_mask[0]=11111111011111110111111111111111, sa_flags=SA_RESTART|SA_SIGINFO
SIGILL: [libjvm.dylib+0x487bc4], sa_mask[0]=11111111011111110111111111111111, sa_flags=SA_RESTART|SA_SIGINFO
SIGUSR1: SIG_DFL, sa_mask[0]=00000000000000000000000000000000, sa_flags=none
SIGUSR2: [libjvm.dylib+0x4876e2], sa_mask[0]=00100000000000000000000000000000, sa_flags=SA_RESTART|SA_SIGINFO
SIGHUP: [libjvm.dylib+0x485cb9], sa_mask[0]=11111111011111110111111111111111, sa_flags=SA_RESTART|SA_SIGINFO
SIGINT: [libjvm.dylib+0x485cb9], sa_mask[0]=11111111011111110111111111111111, sa_flags=SA_RESTART|SA_SIGINFO
SIGTERM: [libjvm.dylib+0x485cb9], sa_mask[0]=11111111011111110111111111111111, sa_flags=SA_RESTART|SA_SIGINFO
SIGQUIT: [libjvm.dylib+0x485cb9], sa_mask[0]=11111111011111110111111111111111, sa_flags=SA_RESTART|SA_SIGINFO


---------------  S Y S T E M  ---------------

OS:Bsduname:Darwin 19.5.0 Darwin Kernel Version 19.5.0: Tue May 26 20:41:44 PDT 2020; root:xnu-6153.121.2~2/RELEASE_X86_64 x86_64
rlimit: STACK 8192k, CORE 0k, NPROC 1392, NOFILE 10240, AS infinity
load average:13.99 7.69 5.53

CPU:total 8 (4 cores per cpu, 2 threads per core) family 6 model 58 stepping 9, cmov, cx8, fxsr, mmx, sse, sse2, sse3, ssse3, sse4.1, sse4.2, popcnt, avx, aes, clmul, erms, ht, tsc, tscinvbit, tscinv

Memory: 4k page, physical 8388608k(972448k free)

/proc/meminfo:


vm_info: Java HotSpot(TM) 64-Bit Server VM (25.121-b13) for bsd-amd64 JRE (1.8.0_121-b13), built on Dec 12 2016 20:39:32 by "java_re" with gcc 4.2.1 (Based on Apple Inc. build 5658) (LLVM build 2336.11.00)

time: Tue Sep 22 15:48:06 2020
elapsed time: 16 seconds (0d 0h 0m 16s)

